SF:lib\managers\waarneming_flow\animal_manager.dart
DA:10,1
DA:11,2
DA:13,2
DA:15,2
DA:16,1
DA:17,2
DA:18,1
DA:36,1
DA:37,1
DA:38,1
DA:40,1
DA:55,1
DA:57,1
DA:60,1
DA:61,2
DA:64,2
DA:65,4
DA:66,1
DA:67,1
DA:68,1
DA:69,2
DA:70,4
DA:71,1
DA:72,1
DA:74,1
DA:75,1
DA:76,1
DA:81,1
DA:83,2
DA:85,3
DA:86,1
DA:90,1
DA:91,3
DA:93,3
DA:96,3
DA:97,2
DA:98,3
DA:106,1
DA:108,4
DA:112,1
DA:113,1
DA:115,1
DA:117,1
DA:118,1
DA:121,1
DA:123,1
DA:124,1
DA:127,1
DA:129,2
DA:132,1
DA:134,2
DA:137,1
DA:138,2
DA:139,1
DA:143,0
DA:147,0
DA:148,0
DA:154,0
DA:156,0
DA:158,0
DA:159,0
DA:160,0
DA:162,0
DA:163,0
DA:167,0
DA:168,0
DA:169,0
DA:170,0
LF:68
LH:54
end_of_record
SF:lib\models\animal_waarneming_models\animal_model.dart
DA:7,0
DA:15,0
DA:16,0
DA:17,0
DA:18,0
DA:19,0
DA:20,0
DA:21,0
DA:31,10
DA:41,1
DA:42,5
DA:45,1
DA:46,2
DA:47,3
DA:51,1
DA:52,1
DA:53,1
DA:54,1
DA:55,1
DA:56,1
DA:57,1
DA:58,1
DA:60,2
DA:63,1
DA:67,1
DA:68,1
DA:69,1
DA:70,1
DA:71,1
DA:72,1
DA:73,1
DA:74,1
DA:75,1
DA:79,1
LF:34
LH:26
end_of_record
SF:lib\models\animal_waarneming_models\animal_sighting_model.dart
DA:31,10
DA:54,1
DA:76,1
DA:77,1
DA:78,1
DA:79,1
DA:80,1
DA:81,1
DA:82,1
DA:83,1
DA:84,1
DA:85,1
DA:87,1
DA:88,1
DA:89,1
DA:90,1
DA:92,1
DA:94,1
DA:95,1
DA:96,1
DA:97,1
DA:98,1
DA:99,1
DA:103,3
DA:104,3
DA:106,3
DA:107,3
DA:108,6
DA:109,3
DA:110,3
DA:111,3
DA:112,5
DA:114,3
DA:115,7
DA:116,3
DA:119,3
DA:121,3
DA:122,3
DA:123,6
DA:124,6
DA:125,6
DA:126,8
DA:128,6
DA:129,7
DA:130,3
DA:133,3
DA:134,3
DA:135,3
DA:136,3
DA:137,3
DA:138,3
DA:139,3
DA:140,3
DA:141,3
DA:142,6
DA:143,3
DA:144,3
DA:145,3
DA:146,3
DA:147,3
DA:148,11
DA:149,5
DA:150,4
DA:154,1
DA:156,1
DA:158,1
DA:159,1
DA:160,2
DA:161,2
DA:162,1
DA:163,1
DA:164,1
DA:166,1
DA:167,1
DA:168,4
DA:169,0
DA:173,1
DA:174,1
DA:175,2
DA:176,2
DA:179,0
DA:185,1
DA:186,1
DA:187,2
DA:188,2
DA:189,2
DA:191,2
DA:192,1
DA:193,1
DA:194,4
DA:195,0
DA:199,2
DA:200,1
DA:201,3
DA:202,2
DA:205,0
DA:208,1
DA:209,1
DA:210,1
DA:211,1
DA:212,1
DA:213,1
DA:214,1
DA:215,1
DA:216,1
DA:217,1
DA:218,1
DA:219,1
DA:221,1
DA:223,1
DA:224,1
DA:225,4
DA:226,0
DA:229,1
DA:231,1
DA:233,1
DA:234,4
DA:238,1
DA:239,2
DA:242,3
LF:120
LH:115
end_of_record
SF:lib\models\api_models\species.dart
DA:6,3
DA:8,1
DA:9,1
DA:10,1
DA:11,1
DA:12,1
DA:16,1
DA:17,4
LF:8
LH:8
end_of_record
SF:lib\interfaces\data_apis\response_api_interface.dart
DA:7,1
LF:1
LH:1
end_of_record
SF:lib\interfaces\data_apis\tracking_api_interface.dart
DA:8,0
DA:10,0
DA:22,1
DA:30,1
DA:31,1
DA:33,1
DA:34,1
DA:37,2
DA:38,0
DA:39,1
DA:40,1
DA:41,1
DA:42,0
DA:45,1
DA:46,1
DA:48,2
DA:49,2
LF:17
LH:13
end_of_record
SF:lib\managers\api_managers\tracking_cache_manager.dart
DA:24,1
DA:25,1
DA:27,0
DA:28,0
DA:30,0
DA:31,0
DA:33,0
DA:36,0
DA:37,0
DA:38,0
DA:39,0
DA:42,0
DA:43,0
DA:44,0
DA:47,0
DA:50,0
DA:51,0
DA:53,0
DA:55,0
DA:56,0
DA:61,0
DA:62,0
DA:63,0
DA:65,0
DA:68,0
DA:70,0
DA:73,0
DA:74,0
DA:75,0
DA:77,0
DA:80,0
DA:81,0
DA:85,0
DA:86,0
DA:89,0
DA:93,1
DA:94,1
DA:95,0
DA:96,0
DA:98,0
DA:101,1
DA:104,1
DA:106,2
DA:107,2
DA:110,1
DA:111,1
DA:113,1
DA:117,4
DA:118,1
DA:121,1
DA:124,5
DA:126,1
DA:128,2
DA:129,3
DA:132,0
DA:133,0
DA:138,1
DA:140,1
DA:141,1
DA:143,1
DA:144,1
DA:148,4
DA:149,1
DA:151,0
DA:152,0
DA:154,0
DA:158,1
DA:159,2
DA:160,2
DA:163,1
DA:165,1
DA:166,4
DA:170,2
DA:171,3
DA:175,4
DA:176,1
DA:179,0
DA:180,0
DA:185,1
DA:188,3
DA:189,1
DA:191,7
DA:192,2
DA:193,4
DA:198,2
DA:199,1
DA:200,1
DA:201,1
DA:203,1
DA:205,5
DA:206,1
DA:210,4
DA:211,2
DA:212,2
DA:213,1
DA:217,1
DA:219,1
DA:220,1
DA:221,2
DA:222,2
DA:227,4
DA:228,1
DA:229,1
DA:230,2
DA:231,3
DA:236,0
DA:238,0
DA:239,0
DA:240,0
DA:242,0
DA:246,1
DA:251,2
DA:252,2
DA:256,1
DA:259,2
DA:260,2
DA:262,1
DA:263,1
DA:274,2
DA:279,4
DA:282,1
DA:286,4
DA:287,4
DA:289,1
DA:290,1
LF:125
LH:77
end_of_record
SF:lib\models\animal_waarneming_models\animal_gender_view_count_model.dart
DA:8,7
DA:10,6
DA:11,6
DA:12,6
DA:15,2
DA:16,2
DA:17,2
DA:18,8
DA:19,1
DA:22,2
DA:23,4
DA:24,1
LF:12
LH:12
end_of_record
SF:lib\models\animal_waarneming_models\animal_pin.dart
DA:14,3
DA:24,2
DA:25,2
DA:30,4
DA:31,4
DA:36,6
DA:37,2
DA:42,5
DA:43,2
DA:45,2
DA:49,2
DA:51,7
DA:52,2
DA:56,2
DA:58,4
DA:59,0
LF:16
LH:15
end_of_record
SF:lib\models\animal_waarneming_models\observed_animal_entry.dart
DA:14,0
DA:21,0
DA:22,0
DA:23,0
DA:25,0
DA:27,0
LF:6
LH:0
end_of_record
SF:lib\models\animal_waarneming_models\view_count_model.dart
DA:9,8
DA:16,1
DA:17,2
DA:18,2
DA:19,2
DA:23,8
DA:24,4
DA:25,4
DA:26,4
DA:27,4
DA:30,6
DA:31,3
DA:32,3
DA:33,3
DA:34,3
LF:15
LH:15
end_of_record
SF:lib\models\api_models\answer.dart
DA:7,4
DA:14,6
DA:15,7
DA:16,9
DA:17,6
DA:18,6
DA:21,4
DA:22,2
DA:23,2
DA:24,2
DA:25,2
LF:11
LH:11
end_of_record
SF:lib\models\api_models\detection_pin.dart
DA:12,3
DA:22,2
DA:23,2
DA:28,5
DA:29,5
DA:34,2
DA:35,1
DA:36,0
DA:37,0
DA:38,2
DA:39,2
DA:43,2
DA:44,2
DA:46,1
DA:47,0
DA:51,6
DA:53,2
DA:58,6
DA:59,5
DA:60,3
DA:61,2
DA:62,0
DA:63,3
DA:67,2
DA:69,4
DA:70,0
LF:26
LH:21
end_of_record
SF:lib\models\api_models\experiment.dart
DA:17,7
DA:31,4
DA:35,4
DA:37,3
DA:40,4
DA:41,0
DA:44,4
DA:45,4
DA:47,12
DA:51,4
DA:52,4
DA:53,4
DA:54,1
DA:56,4
DA:57,9
DA:58,8
DA:61,4
DA:62,8
DA:63,4
DA:64,4
DA:65,4
DA:71,3
DA:75,3
DA:76,0
DA:78,3
DA:79,0
DA:82,3
DA:83,3
DA:84,3
DA:87,3
DA:88,3
DA:89,3
DA:90,3
DA:91,3
DA:92,6
DA:93,6
LF:36
LH:33
end_of_record
SF:lib\models\api_models\interaction_query_result.dart
DA:10,0
DA:12,0
DA:13,0
DA:14,0
DA:15,0
DA:16,0
DA:33,5
DA:46,3
DA:47,9
DA:48,3
DA:52,3
DA:59,7
DA:60,7
DA:68,6
DA:72,3
DA:73,1
DA:75,3
DA:76,3
DA:77,3
DA:81,3
DA:83,3
DA:84,3
DA:87,0
DA:88,0
DA:91,0
DA:92,0
DA:93,0
DA:95,0
DA:96,0
DA:99,0
DA:100,0
DA:101,0
DA:103,0
DA:104,0
DA:107,0
DA:108,0
DA:109,0
DA:112,3
DA:113,9
DA:116,7
DA:117,3
DA:125,3
DA:129,3
DA:132,7
DA:133,4
DA:134,7
DA:135,4
DA:140,2
DA:141,2
DA:142,4
DA:143,3
DA:144,1
DA:145,4
DA:146,1
DA:147,1
DA:148,1
DA:151,3
DA:153,6
DA:154,0
DA:157,3
DA:158,3
DA:159,3
DA:160,3
LF:63
LH:41
end_of_record
SF:lib\models\api_models\interaction_type.dart
DA:6,6
DA:12,3
DA:13,3
DA:14,11
DA:15,6
DA:16,6
DA:20,2
DA:22,8
LF:8
LH:8
end_of_record
SF:lib\models\api_models\living_labs.dart
DA:9,2
DA:16,4
DA:17,2
DA:19,2
DA:20,2
DA:21,8
DA:24,2
DA:25,2
DA:28,2
DA:29,2
DA:30,2
DA:32,2
DA:33,10
DA:35,2
DA:36,2
LF:15
LH:15
end_of_record
SF:lib\models\api_models\question.dart
DA:13,4
DA:24,4
DA:25,5
DA:26,4
DA:27,4
DA:29,6
DA:30,12
DA:32,4
DA:33,6
DA:34,3
DA:35,4
DA:38,1
DA:39,1
DA:40,1
DA:41,1
DA:42,1
DA:44,1
DA:45,5
DA:47,1
DA:48,1
DA:49,1
DA:50,1
LF:22
LH:22
end_of_record
SF:lib\models\api_models\questionaire.dart
DA:14,6
DA:23,3
DA:24,4
DA:25,3
DA:26,3
DA:27,3
DA:28,5
DA:29,3
DA:30,3
DA:32,6
DA:33,0
DA:37,0
DA:38,0
DA:40,5
DA:42,6
DA:43,0
DA:44,3
DA:45,3
DA:46,3
DA:47,9
DA:53,2
DA:56,2
DA:57,8
DA:60,2
DA:61,2
DA:62,4
DA:63,2
DA:64,4
DA:65,2
LF:29
LH:25
end_of_record
SF:lib\models\api_models\user.dart
DA:8,10
DA:10,7
DA:11,16
DA:12,7
DA:13,7
DA:14,11
DA:15,12
DA:16,7
DA:20,5
DA:21,20
DA:24,1
DA:25,4
LF:12
LH:12
end_of_record
SF:lib\models\beta_models\belonging_model.dart
DA:8,1
DA:10,3
DA:11,3
DA:14,2
DA:15,1
DA:16,1
DA:17,1
DA:19,2
DA:20,1
DA:21,1
DA:22,1
LF:11
LH:11
end_of_record
SF:lib\models\beta_models\interaction_model.dart
DA:11,2
DA:16,2
DA:17,4
DA:19,2
DA:20,4
DA:21,2
DA:26,1
DA:27,1
DA:28,1
DA:30,2
DA:32,0
DA:35,1
DA:37,1
DA:38,1
DA:39,1
LF:15
LH:14
end_of_record
SF:lib\models\beta_models\interaction_response_model.dart
DA:9,2
DA:16,1
DA:17,1
DA:19,1
DA:23,1
DA:24,1
DA:26,1
DA:34,1
DA:39,1
DA:40,1
DA:41,2
DA:42,1
DA:45,2
DA:46,2
DA:47,1
LF:15
LH:15
end_of_record
SF:lib\models\beta_models\location_model.dart
DA:11,5
DA:20,6
DA:21,3
DA:22,3
DA:23,3
DA:24,3
DA:25,3
DA:26,6
DA:29,4
DA:30,2
DA:31,2
DA:32,2
DA:33,2
DA:34,2
DA:35,2
DA:36,8
DA:37,0
DA:42,0
DA:48,0
DA:57,0
DA:63,0
LF:21
LH:16
end_of_record
SF:lib\models\beta_models\possesion_model.dart
DA:6,2
DA:8,2
DA:9,1
DA:10,3
DA:11,1
DA:13,4
DA:14,2
DA:15,2
DA:16,2
LF:9
LH:9
end_of_record
SF:lib\models\beta_models\profile_model.dart
DA:16,1
DA:33,1
DA:34,0
DA:35,0
DA:36,0
DA:37,0
DA:43,1
DA:44,2
DA:45,1
DA:46,2
DA:47,1
DA:48,2
DA:49,2
DA:50,2
DA:51,1
DA:52,1
DA:53,0
DA:54,5
DA:58,2
DA:59,2
DA:60,2
DA:61,2
DA:62,2
DA:63,2
DA:64,2
DA:65,2
DA:66,1
DA:67,1
DA:68,1
DA:69,2
DA:70,1
DA:71,1
DA:74,2
DA:75,1
DA:76,1
DA:77,1
DA:78,1
DA:79,1
DA:80,1
DA:81,1
DA:82,2
DA:83,2
DA:84,1
DA:86,1
DA:87,1
DA:88,1
DA:91,1
DA:92,2
DA:94,1
LF:49
LH:44
end_of_record
SF:lib\models\beta_models\report_location_model.dart
DA:8,4
DA:16,4
DA:17,2
DA:18,2
DA:19,2
DA:20,2
DA:21,2
DA:24,6
DA:25,3
DA:26,3
DA:27,3
DA:28,3
DA:29,3
LF:13
LH:13
end_of_record
SF:lib\models\beta_models\response_model.dart
DA:7,2
DA:14,2
DA:15,1
DA:16,1
DA:17,1
DA:18,1
DA:21,1
DA:22,1
DA:23,2
DA:24,2
DA:25,2
DA:26,1
DA:27,2
DA:32,0
DA:38,0
DA:39,0
DA:40,0
DA:41,0
DA:42,0
LF:19
LH:13
end_of_record
SF:lib\models\enums\report_type.dart
DA:6,2
DA:8,2
DA:10,0
DA:12,0
LF:4
LH:2
end_of_record
SF:lib\models\ui_models\date_time_model.dart
DA:5,3
DA:7,2
DA:8,8
DA:11,1
DA:12,1
DA:14,3
DA:15,1
LF:7
LH:7
end_of_record
SF:lib\models\ui_models\image_list_model.dart
DA:4,3
DA:6,0
DA:7,0
DA:10,0
DA:11,0
DA:14,3
DA:16,1
DA:17,3
LF:8
LH:4
end_of_record
SF:lib\models\ui_models\living_lab_area.dart
DA:10,1
DA:18,0
DA:19,0
DA:20,0
DA:21,0
DA:22,0
DA:23,0
DA:24,0
DA:26,0
DA:28,0
DA:29,0
DA:30,0
DA:31,0
DA:33,0
DA:37,0
DA:38,0
DA:39,0
DA:40,0
DA:41,0
DA:42,0
DA:44,0
DA:45,0
DA:46,0
DA:50,0
DA:52,0
LF:25
LH:1
end_of_record
SF:lib\providers\app_state_provider.dart
DA:16,2
DA:31,2
DA:35,2
DA:37,2
DA:38,2
DA:39,2
DA:40,2
DA:42,1
DA:43,1
DA:44,2
DA:51,0
DA:52,0
DA:54,0
DA:59,1
DA:61,3
DA:65,3
DA:66,4
DA:67,2
DA:68,2
DA:69,2
DA:75,4
DA:76,0
DA:77,0
DA:80,3
DA:81,3
DA:82,1
DA:86,1
DA:87,3
DA:90,1
DA:91,2
DA:92,1
DA:95,1
DA:96,2
DA:97,1
DA:99,1
DA:101,2
DA:102,1
DA:103,1
DA:105,0
DA:106,0
DA:111,0
DA:113,0
DA:115,0
DA:121,2
DA:122,2
DA:123,2
DA:125,1
DA:128,1
DA:129,2
DA:132,0
DA:133,0
DA:135,0
DA:136,0
DA:140,1
DA:141,2
DA:142,2
DA:143,1
DA:144,1
DA:147,0
DA:149,0
DA:150,0
DA:153,0
DA:154,0
DA:156,0
DA:157,0
DA:164,0
DA:166,0
DA:167,0
DA:168,0
DA:170,0
DA:172,0
DA:174,0
DA:176,0
DA:177,0
DA:182,0
DA:183,0
DA:186,1
DA:188,1
DA:189,1
DA:190,1
DA:191,2
DA:192,2
DA:194,1
DA:196,0
DA:197,0
DA:199,0
DA:203,1
DA:205,1
DA:206,1
DA:207,1
DA:209,1
DA:210,1
DA:211,1
DA:213,2
DA:214,1
DA:216,1
DA:218,0
DA:219,0
DA:224,1
DA:226,1
DA:227,2
DA:228,2
DA:229,2
DA:231,1
DA:233,0
DA:234,0
DA:236,0
DA:240,1
DA:242,1
DA:243,1
DA:244,1
DA:245,2
DA:246,1
DA:248,1
DA:250,0
DA:251,0
DA:256,0
DA:258,0
DA:260,0
DA:264,0
DA:265,0
DA:266,0
DA:267,0
DA:268,0
DA:269,0
DA:270,0
DA:273,0
DA:274,0
DA:275,0
DA:279,0
DA:282,0
DA:283,0
DA:284,0
DA:285,0
DA:286,0
DA:287,0
DA:288,0
DA:291,0
DA:293,0
DA:296,0
DA:297,0
DA:298,0
LF:142
LH:74
end_of_record
SF:lib\providers\map_provider.dart
DA:42,2
DA:43,2
DA:45,2
DA:46,2
DA:49,0
DA:54,1
DA:55,1
DA:56,2
DA:59,2
DA:61,1
DA:64,1
DA:65,1
DA:68,1
DA:69,1
DA:72,0
DA:73,0
DA:76,0
DA:77,0
DA:81,1
DA:82,1
DA:85,3
DA:87,1
DA:88,1
DA:89,1
DA:90,2
DA:91,1
DA:92,1
DA:93,2
DA:94,1
DA:95,1
DA:96,2
DA:97,1
DA:98,1
DA:99,1
DA:100,1
DA:101,1
DA:102,1
DA:103,2
DA:105,2
DA:106,2
DA:107,2
DA:111,1
DA:112,2
DA:113,1
DA:114,2
DA:117,1
DA:118,1
DA:119,0
DA:124,1
DA:125,1
DA:126,2
DA:127,2
DA:128,1
DA:129,1
DA:131,1
DA:132,2
DA:133,2
DA:140,1
DA:141,0
DA:142,0
DA:146,0
DA:147,0
DA:148,0
DA:149,0
DA:153,0
DA:154,0
DA:156,0
DA:157,0
DA:158,0
DA:163,0
DA:165,0
DA:166,0
DA:168,0
DA:169,0
DA:170,0
DA:171,0
DA:172,0
DA:176,0
DA:180,0
DA:183,0
DA:189,1
DA:190,0
DA:196,2
DA:197,3
DA:201,2
DA:202,1
DA:203,1
DA:204,2
DA:208,0
DA:209,0
DA:211,0
DA:212,0
DA:213,0
DA:218,0
DA:220,0
DA:221,0
DA:223,0
DA:224,0
DA:225,0
DA:226,0
DA:227,0
DA:231,2
DA:235,1
DA:238,0
DA:243,0
DA:244,0
DA:246,0
DA:247,0
DA:248,0
DA:261,3
DA:262,3
DA:264,2
DA:265,2
DA:267,2
DA:268,2
DA:275,1
DA:276,2
DA:277,2
DA:278,2
DA:279,0
DA:281,0
DA:282,0
DA:284,0
DA:285,0
DA:286,0
DA:287,0
DA:289,0
DA:291,0
DA:294,0
DA:300,1
DA:301,1
DA:302,2
DA:305,2
DA:306,2
DA:307,2
DA:311,0
DA:312,0
DA:313,0
DA:315,0
DA:316,0
DA:319,1
DA:320,1
DA:321,1
DA:322,2
DA:323,2
DA:327,1
DA:328,1
DA:329,1
DA:330,1
DA:332,2
DA:333,1
DA:334,1
DA:337,1
DA:338,2
DA:341,1
DA:342,1
DA:343,1
DA:344,1
DA:347,0
DA:348,0
DA:349,0
DA:350,0
DA:351,0
DA:352,0
DA:355,1
DA:356,1
DA:357,1
DA:358,1
DA:359,1
DA:360,1
DA:361,1
DA:362,1
DA:363,1
DA:364,1
DA:365,1
DA:368,1
DA:369,1
DA:370,1
DA:371,1
DA:372,1
DA:373,1
DA:374,1
DA:375,1
DA:378,1
DA:379,1
DA:380,1
DA:382,1
DA:383,1
DA:384,1
DA:385,1
DA:388,2
DA:389,2
DA:390,2
DA:391,1
DA:392,1
DA:393,1
DA:394,1
DA:395,1
DA:396,1
DA:398,1
DA:399,1
DA:400,1
DA:403,1
DA:404,2
DA:406,1
DA:407,1
DA:408,1
DA:409,1
DA:410,1
DA:411,1
DA:412,1
DA:414,1
DA:417,1
DA:418,1
DA:419,1
DA:420,1
DA:421,1
DA:422,1
DA:423,1
DA:431,1
DA:434,0
DA:435,0
DA:436,0
DA:440,0
DA:441,0
DA:445,1
DA:449,1
DA:450,2
DA:452,2
DA:453,2
DA:454,2
DA:457,3
DA:459,1
DA:460,1
DA:461,1
DA:464,1
DA:465,1
DA:466,1
DA:467,1
DA:470,1
DA:475,1
DA:476,1
DA:477,1
DA:478,1
DA:479,1
DA:480,1
DA:481,1
DA:482,1
DA:483,1
DA:485,1
DA:486,1
DA:487,1
DA:488,1
DA:489,1
DA:490,1
DA:492,1
DA:495,1
DA:499,1
DA:500,0
DA:502,2
DA:503,1
DA:510,0
DA:512,3
DA:516,1
DA:517,2
DA:518,2
DA:523,1
DA:524,2
DA:526,1
DA:527,1
DA:530,1
DA:531,2
DA:532,1
DA:533,0
DA:536,2
DA:537,3
DA:541,1
DA:542,2
DA:543,1
DA:544,1
DA:545,1
DA:547,2
DA:550,1
DA:551,1
DA:552,1
DA:553,1
DA:554,1
DA:555,1
DA:556,1
DA:557,1
DA:558,1
DA:561,1
DA:563,1
DA:564,1
LF:294
LH:217
end_of_record
SF:lib\models\beta_models\sighted_animal_model.dart
DA:6,3
DA:12,6
DA:13,3
DA:14,3
DA:15,3
DA:18,6
DA:19,3
DA:20,3
DA:21,3
LF:9
LH:9
end_of_record
SF:lib\models\beta_models\sighting_report_model.dart
DA:22,2
DA:32,1
DA:34,1
DA:35,1
DA:36,1
DA:37,2
DA:38,3
DA:39,3
DA:40,2
DA:41,5
DA:42,1
DA:47,2
DA:48,1
DA:49,1
DA:50,1
DA:52,3
DA:54,1
DA:55,2
DA:58,3
DA:59,2
DA:61,1
DA:62,1
DA:63,4
DA:65,0
LF:24
LH:23
end_of_record
SF:lib\config\app_config.dart
DA:7,0
DA:9,0
DA:10,0
DA:11,0
DA:12,0
DA:16,0
DA:18,0
LF:7
LH:0
end_of_record
SF:lib\data_managers\api_client.dart
DA:16,0
DA:18,0
DA:23,0
DA:24,0
DA:25,0
DA:26,0
DA:29,0
DA:35,0
DA:36,0
DA:37,0
DA:39,0
DA:40,0
DA:45,0
DA:51,0
DA:52,0
DA:53,0
DA:55,0
DA:56,0
DA:59,0
DA:64,0
DA:65,0
DA:66,0
DA:67,0
DA:70,0
DA:76,0
DA:77,0
DA:78,0
DA:80,0
DA:81,0
DA:84,0
DA:88,0
DA:93,0
DA:94,0
DA:95,0
DA:96,0
DA:99,0
DA:106,0
DA:107,0
DA:108,0
DA:109,0
DA:111,0
DA:112,0
DA:113,0
DA:114,0
DA:115,0
DA:116,0
DA:117,0
DA:119,0
DA:125,0
DA:127,0
DA:128,0
DA:130,0
LF:52
LH:0
end_of_record
SF:lib\constants\app_colors.dart
DA:4,0
LF:1
LH:0
end_of_record
SF:lib\constants\app_text_theme.dart
DA:5,0
DA:7,6
LF:2
LH:1
end_of_record
SF:lib\constants\button_layout.dart
DA:5,0
DA:6,0
DA:7,0
DA:10,0
DA:11,0
DA:12,0
DA:15,0
DA:16,0
DA:17,0
DA:20,0
DA:21,0
DA:22,0
LF:12
LH:0
end_of_record
SF:lib\constants\component_styles.dart
DA:10,0
DA:14,0
DA:15,0
DA:20,0
DA:24,0
DA:25,0
DA:30,0
DA:32,0
DA:33,0
DA:36,0
DA:37,0
DA:43,0
DA:50,0
DA:51,0
DA:57,0
DA:59,0
DA:60,0
DA:64,0
DA:65,0
DA:71,0
DA:79,0
DA:80,0
DA:86,0
DA:88,0
DA:89,0
DA:94,0
DA:95,0
DA:103,0
DA:108,0
DA:109,0
DA:110,0
DA:118,0
DA:124,0
DA:126,0
DA:127,0
DA:137,0
DA:142,0
DA:147,0
DA:148,0
DA:149,0
DA:154,0
DA:155,0
DA:156,0
DA:161,0
DA:162,0
DA:163,0
DA:178,0
DA:182,0
DA:186,0
DA:187,0
DA:188,0
DA:193,0
DA:194,0
DA:195,0
DA:200,0
DA:201,0
DA:202,0
LF:57
LH:0
end_of_record
SF:lib\constants\sighting_report_activities.dart
DA:8,0
DA:12,1
DA:15,1
DA:17,1
DA:50,0
DA:53,0
DA:60,0
DA:62,0
DA:64,0
DA:65,0
DA:66,0
DA:67,0
DA:72,0
DA:73,0
DA:76,1
DA:77,1
DA:78,1
DA:79,1
DA:83,0
DA:84,0
DA:85,0
DA:86,0
DA:88,0
DA:91,0
DA:93,0
DA:94,0
DA:95,0
DA:96,0
DA:98,0
DA:101,0
DA:103,0
DA:104,0
DA:106,1
DA:107,1
DA:109,4
DA:111,4
DA:113,2
DA:115,1
DA:118,2
DA:119,0
DA:122,0
DA:125,2
DA:127,1
DA:130,2
DA:131,0
DA:132,0
DA:135,0
DA:138,0
DA:139,0
DA:140,0
LF:50
LH:17
end_of_record
SF:lib\data_managers\sighting_report_schema_loader.dart
DA:7,1
DA:17,1
DA:18,1
DA:19,1
DA:22,1
DA:24,0
DA:26,1
DA:27,2
DA:29,2
DA:33,1
DA:34,1
DA:35,1
DA:37,0
DA:38,1
DA:39,1
DA:40,4
DA:45,0
DA:51,0
DA:52,0
DA:57,0
DA:58,0
DA:59,0
DA:60,0
DA:62,0
DA:64,0
DA:65,0
DA:66,0
DA:70,0
DA:71,0
DA:72,0
DA:73,0
DA:77,0
DA:78,0
DA:80,0
DA:83,0
DA:84,0
DA:85,0
DA:87,0
DA:89,0
DA:90,0
LF:40
LH:14
end_of_record
SF:lib\data_managers\alarms_api.dart
DA:5,0
DA:9,0
DA:11,0
DA:12,0
LF:4
LH:0
end_of_record
SF:lib\data_managers\contact_api.dart
DA:10,0
DA:17,0
DA:18,0
DA:19,0
DA:20,0
DA:21,0
DA:25,0
DA:26,0
DA:28,0
DA:29,0
DA:30,0
DA:32,0
DA:33,0
DA:34,0
DA:35,0
DA:36,0
DA:38,0
DA:41,0
DA:42,0
DA:44,0
DA:47,0
DA:48,0
DA:49,0
DA:52,0
DA:53,0
DA:54,0
DA:59,0
DA:60,0
DA:61,0
DA:62,0
DA:65,0
DA:67,0
DA:70,0
DA:71,0
DA:72,0
DA:75,0
DA:76,0
DA:77,0
DA:78,0
DA:82,0
DA:83,0
DA:84,0
DA:85,0
DA:90,0
DA:91,0
DA:93,0
DA:94,0
DA:98,0
DA:99,0
DA:100,0
DA:101,0
DA:104,0
DA:105,0
DA:106,0
DA:107,0
DA:108,0
LF:56
LH:0
end_of_record
SF:lib\models\api_models\contact_model.dart
DA:1,1
DA:3,0
DA:4,0
DA:5,0
DA:8,1
DA:9,1
DA:10,1
DA:11,1
DA:12,0
DA:13,2
DA:15,2
DA:18,1
DA:19,2
DA:20,1
DA:22,2
DA:23,1
DA:28,1
DA:30,1
DA:31,0
DA:43,1
DA:53,1
DA:54,2
DA:55,2
DA:56,1
DA:59,0
DA:60,0
DA:61,0
DA:62,0
DA:63,0
DA:67,0
DA:68,0
DA:69,0
DA:70,0
DA:71,0
DA:76,1
DA:80,1
DA:81,1
DA:82,1
DA:84,0
DA:85,2
DA:86,2
DA:87,2
DA:92,1
DA:93,1
DA:94,1
DA:96,0
DA:98,2
DA:99,0
DA:100,1
DA:101,1
DA:102,0
DA:104,0
DA:105,0
DA:107,1
DA:111,1
DA:112,2
DA:113,3
DA:134,1
DA:146,0
DA:147,0
DA:148,0
DA:151,1
DA:152,2
DA:153,2
DA:154,1
DA:155,0
DA:156,0
DA:159,0
DA:160,0
DA:161,0
DA:165,0
DA:166,0
DA:167,0
DA:171,1
DA:172,5
DA:174,1
DA:175,2
DA:176,2
DA:177,1
DA:178,0
DA:179,0
DA:184,1
DA:185,1
DA:190,1
DA:191,2
DA:192,1
DA:193,1
DA:195,2
DA:196,2
DA:197,0
DA:198,0
DA:199,0
DA:200,0
DA:202,2
DA:206,1
DA:207,1
DA:208,1
DA:209,2
DA:210,1
DA:211,2
DA:212,0
DA:213,0
DA:214,0
DA:220,1
DA:221,2
DA:222,2
DA:223,3
DA:224,2
LF:108
LH:67
end_of_record
SF:lib\data_managers\my_interaction_api.dart
DA:6,0
DA:10,0
DA:12,0
DA:13,0
DA:14,0
DA:15,0
DA:17,0
LF:7
LH:0
end_of_record
SF:lib\models\api_models\my_interaction.dart
DA:1,2
DA:2,2
DA:3,2
DA:5,2
DA:6,1
DA:10,4
DA:13,4
DA:16,3
DA:17,3
DA:18,4
DA:19,5
DA:27,2
DA:29,2
DA:30,2
DA:31,4
DA:32,4
DA:36,2
DA:37,6
DA:46,2
DA:52,2
DA:53,2
DA:54,2
DA:55,2
DA:56,2
DA:60,2
DA:61,8
DA:70,1
DA:76,1
DA:77,1
DA:79,1
DA:80,3
DA:81,1
DA:82,0
DA:83,1
DA:85,3
DA:86,1
DA:90,1
DA:91,1
DA:92,5
DA:93,1
DA:94,1
DA:98,2
DA:99,2
DA:111,2
DA:121,2
DA:122,2
DA:123,2
DA:124,4
DA:125,4
DA:127,4
DA:128,4
DA:129,4
DA:130,4
DA:134,2
DA:135,2
DA:136,2
DA:137,2
DA:138,2
DA:139,2
DA:140,2
DA:141,2
DA:142,2
DA:150,2
DA:152,2
DA:153,2
DA:155,2
DA:156,3
DA:157,1
DA:158,1
DA:162,2
DA:163,10
DA:177,2
DA:188,2
DA:189,2
DA:190,2
DA:191,2
DA:192,2
DA:193,2
DA:194,2
DA:195,2
DA:196,2
DA:197,2
DA:201,2
DA:202,2
DA:203,2
DA:204,2
DA:205,2
DA:206,2
DA:207,2
DA:208,2
DA:209,2
DA:210,2
DA:219,2
DA:221,2
DA:222,6
DA:225,2
DA:226,6
DA:235,3
DA:241,3
DA:242,3
DA:243,9
DA:244,5
DA:245,5
DA:249,2
DA:250,8
DA:262,2
DA:271,2
DA:272,2
DA:273,2
DA:274,2
DA:275,2
DA:277,2
DA:278,3
DA:281,2
DA:282,3
DA:284,5
DA:288,2
DA:289,2
DA:290,2
DA:291,2
DA:292,2
DA:293,3
DA:294,3
DA:295,4
DA:307,2
DA:315,2
DA:316,2
DA:317,2
DA:318,2
DA:319,2
DA:320,5
DA:321,2
DA:322,3
DA:327,2
DA:328,2
DA:329,2
DA:330,2
DA:331,2
DA:332,4
DA:333,4
DA:353,1
DA:369,1
DA:370,1
DA:371,1
DA:372,1
DA:373,3
DA:374,3
DA:375,3
DA:377,1
DA:378,0
DA:381,1
DA:382,2
DA:385,1
DA:386,2
DA:388,3
DA:389,3
DA:390,3
DA:391,3
DA:393,1
DA:394,2
DA:399,1
DA:400,1
DA:401,2
DA:402,2
DA:403,3
DA:404,3
DA:405,3
DA:406,1
DA:407,0
DA:408,4
DA:409,1
DA:410,3
DA:411,3
DA:412,3
DA:413,3
DA:414,3
DA:415,4
LF:177
LH:174
end_of_record
SF:lib\data_managers\profile_api.dart
DA:16,0
DA:35,0
DA:37,0
DA:42,0
DA:43,0
DA:44,0
DA:45,0
DA:47,0
DA:48,0
DA:53,0
DA:54,0
DA:55,0
DA:56,0
DA:57,0
DA:59,0
DA:60,0
DA:62,0
DA:63,0
DA:65,0
DA:66,0
DA:70,0
DA:72,0
DA:77,0
DA:78,0
DA:79,0
DA:80,0
DA:83,0
DA:84,0
DA:89,0
DA:94,0
DA:96,0
DA:101,0
DA:103,0
DA:105,0
DA:108,0
DA:109,0
DA:112,0
DA:113,0
DA:114,0
DA:115,0
DA:117,0
DA:118,0
DA:121,0
DA:122,0
DA:125,0
DA:126,0
DA:127,0
DA:128,0
DA:130,0
DA:135,0
DA:136,0
DA:138,0
DA:139,0
DA:140,0
DA:141,0
DA:144,0
DA:145,0
DA:149,0
DA:150,0
DA:155,0
DA:156,0
DA:160,0
DA:162,0
DA:164,0
DA:169,0
DA:171,0
DA:173,0
DA:174,0
DA:176,0
DA:178,0
DA:179,0
DA:184,0
DA:186,0
DA:187,0
DA:190,0
DA:193,0
DA:196,0
DA:197,0
DA:198,0
DA:200,0
DA:203,0
DA:205,0
DA:209,0
DA:214,0
DA:215,0
DA:216,0
DA:220,0
DA:222,0
DA:226,0
DA:227,0
DA:229,0
DA:235,0
DA:236,0
DA:239,0
DA:240,0
DA:241,0
DA:242,0
DA:246,0
DA:247,0
LF:99
LH:0
end_of_record
SF:lib\data_managers\response_api.dart
DA:12,0
DA:18,0
DA:26,0
DA:27,0
DA:32,0
DA:34,0
DA:35,0
DA:36,0
DA:37,0
DA:38,0
DA:39,0
DA:40,0
DA:41,0
DA:42,0
DA:44,0
DA:50,0
DA:51,0
DA:52,0
DA:53,0
DA:54,0
DA:56,0
DA:57,0
DA:58,0
DA:59,0
DA:65,0
DA:66,0
DA:67,0
DA:68,0
DA:69,0
DA:72,0
DA:75,0
DA:77,0
DA:78,0
DA:79,0
DA:80,0
DA:84,0
DA:91,0
DA:92,0
DA:96,0
DA:98,0
DA:99,0
DA:100,0
DA:101,0
DA:102,0
DA:105,0
DA:106,0
DA:108,0
DA:109,0
DA:111,0
DA:112,0
LF:50
LH:0
end_of_record
SF:lib\models\api_models\my_response.dart
DA:12,0
DA:22,0
DA:24,0
DA:25,0
DA:26,0
DA:27,0
DA:28,0
DA:29,0
DA:30,0
DA:31,0
DA:35,0
DA:48,0
DA:55,0
DA:57,0
DA:58,0
DA:59,0
DA:60,0
DA:62,0
DA:66,0
DA:67,0
DA:68,0
DA:69,0
DA:70,0
DA:71,0
DA:75,0
DA:76,0
DA:77,0
DA:90,0
DA:97,0
DA:98,0
DA:99,0
DA:100,0
DA:101,0
DA:109,0
DA:111,0
DA:112,0
DA:113,0
DA:122,0
DA:124,0
DA:125,0
DA:126,0
DA:127,0
DA:137,0
DA:144,0
DA:145,0
DA:146,0
DA:147,0
DA:148,0
DA:157,0
DA:159,0
DA:160,0
DA:161,0
DA:162,0
LF:53
LH:0
end_of_record
SF:lib\data_managers\tracking_api.dart
DA:11,0
DA:17,0
DA:19,0
DA:21,0
DA:24,0
DA:28,0
DA:34,0
DA:35,0
DA:36,0
DA:37,0
DA:38,0
DA:40,0
DA:44,0
DA:45,0
DA:46,0
DA:49,0
DA:55,0
DA:58,0
DA:59,0
DA:62,0
DA:63,0
DA:64,0
DA:68,0
DA:69,0
DA:72,0
DA:79,0
DA:80,0
DA:82,0
DA:84,0
DA:85,0
DA:88,0
DA:89,0
DA:90,0
DA:97,0
DA:103,0
DA:105,0
DA:107,0
DA:110,0
DA:111,0
DA:114,0
DA:115,0
DA:118,0
DA:119,0
DA:120,0
DA:121,0
DA:126,0
DA:127,0
DA:128,0
DA:130,0
DA:133,0
DA:135,0
DA:136,0
DA:137,0
DA:140,0
DA:141,0
DA:143,0
DA:145,0
DA:146,0
DA:147,0
DA:150,0
DA:152,0
DA:153,0
DA:157,0
DA:158,0
DA:159,0
DA:161,0
DA:165,0
DA:167,0
DA:168,0
DA:169,0
DA:170,0
DA:171,0
DA:172,0
DA:177,0
LF:74
LH:0
end_of_record
SF:lib\models\api_models\vicinity.dart
DA:11,3
DA:17,2
DA:18,3
DA:19,3
DA:20,3
DA:22,2
DA:23,2
DA:24,2
DA:27,3
DA:28,1
DA:30,1
DA:31,1
DA:32,1
DA:34,0
DA:38,3
DA:39,3
DA:44,3
DA:45,1
DA:47,1
DA:48,1
DA:49,1
DA:51,0
DA:55,0
DA:56,0
DA:61,4
DA:62,2
DA:64,2
DA:65,2
DA:66,2
DA:68,0
DA:72,0
DA:73,0
DA:78,4
DA:79,8
DA:82,2
DA:89,0
DA:90,0
DA:91,0
DA:92,0
DA:93,0
LF:40
LH:28
end_of_record
SF:lib\utils\tracking_vicinity_parser.dart
DA:8,0
DA:12,0
DA:18,0
DA:19,0
DA:20,0
DA:21,0
DA:25,2
DA:26,4
DA:27,4
DA:28,4
DA:29,4
DA:33,2
DA:34,2
DA:35,2
DA:38,2
DA:39,0
DA:44,0
DA:45,0
DA:47,2
DA:48,4
DA:49,2
DA:50,1
DA:51,1
DA:52,2
DA:53,2
DA:58,2
DA:63,4
DA:64,0
DA:65,0
DA:68,2
DA:69,2
DA:70,1
DA:72,0
DA:73,0
DA:75,1
DA:76,1
DA:80,1
DA:81,1
DA:82,1
DA:86,0
DA:88,0
DA:89,0
DA:90,0
DA:94,0
DA:95,0
DA:99,1
DA:103,2
DA:104,1
DA:105,1
DA:107,0
DA:109,2
DA:110,1
DA:117,1
DA:126,0
DA:129,0
DA:130,0
DA:131,0
DA:133,0
DA:134,0
DA:135,0
DA:140,1
DA:147,1
DA:148,1
DA:154,1
DA:155,2
DA:156,2
DA:163,1
DA:164,1
DA:165,1
DA:166,1
DA:167,1
DA:168,1
DA:169,1
DA:170,1
DA:171,6
DA:172,1
DA:176,0
DA:178,0
DA:179,0
LF:79
LH:49
end_of_record
SF:lib\firebase_options.dart
DA:18,0
DA:22,0
DA:23,0
DA:25,0
DA:27,0
DA:29,0
DA:31,0
DA:32,0
DA:37,0
LF:9
LH:0
end_of_record
SF:lib\models\beta_models\belonging_damage_report_model.dart
DA:54,1
DA:76,1
DA:79,2
DA:80,0
DA:82,1
DA:83,0
DA:85,2
DA:86,0
DA:88,2
DA:89,0
DA:93,2
DA:94,3
DA:96,2
DA:97,0
DA:98,0
DA:99,0
DA:103,2
DA:104,1
DA:105,1
DA:106,1
DA:107,1
DA:108,1
DA:111,3
DA:112,1
DA:113,2
DA:114,2
DA:116,1
DA:118,1
DA:121,2
DA:122,1
DA:123,1
DA:124,1
DA:125,1
DA:126,2
DA:128,1
DA:135,1
DA:136,1
DA:137,1
DA:138,2
DA:139,1
DA:140,2
DA:141,2
DA:143,3
DA:144,2
DA:145,1
DA:146,1
DA:148,1
DA:149,0
DA:152,1
DA:153,0
DA:156,1
DA:157,0
DA:159,2
DA:161,1
DA:162,0
DA:164,1
DA:165,1
DA:167,1
LF:58
LH:47
end_of_record
SF:lib\managers\api_managers\interaction_types_manager.dart
DA:9,0
DA:11,0
DA:12,0
DA:14,0
DA:15,0
DA:17,0
DA:18,0
DA:19,0
DA:23,0
DA:24,0
DA:25,0
DA:26,0
LF:12
LH:0
end_of_record
SF:lib\managers\api_managers\response_manager.dart
DA:27,1
DA:31,0
DA:33,0
DA:34,0
DA:35,0
DA:39,0
DA:40,0
DA:43,0
DA:44,0
DA:46,0
DA:49,0
DA:51,0
DA:55,0
DA:56,0
DA:57,0
DA:59,0
DA:62,0
DA:64,0
DA:67,0
DA:68,0
DA:69,0
DA:72,0
DA:75,0
DA:77,0
DA:81,0
DA:82,0
DA:83,0
DA:84,0
DA:87,0
DA:90,1
DA:97,4
DA:98,2
DA:99,2
DA:101,4
DA:102,2
DA:103,3
DA:105,5
DA:107,1
DA:110,1
DA:112,1
DA:115,1
DA:116,2
DA:117,1
DA:119,0
DA:122,1
DA:125,3
DA:127,2
DA:128,2
DA:129,3
DA:131,2
DA:132,1
DA:133,1
DA:135,1
DA:136,1
DA:137,1
DA:138,1
DA:139,1
DA:146,2
DA:147,4
DA:149,1
DA:150,1
DA:157,1
DA:158,0
DA:159,0
DA:160,0
DA:163,0
DA:166,0
DA:167,0
DA:168,0
DA:169,0
DA:171,0
DA:172,0
DA:173,0
DA:174,0
DA:183,2
DA:184,3
DA:186,3
DA:190,5
DA:191,1
DA:193,4
DA:194,2
DA:195,4
DA:198,2
DA:200,0
DA:201,0
DA:206,1
DA:212,1
DA:214,1
DA:217,0
DA:221,1
DA:222,0
DA:223,0
DA:225,1
DA:231,2
DA:232,1
DA:234,1
DA:236,2
DA:237,3
DA:239,2
DA:250,0
DA:251,0
DA:261,0
DA:262,0
DA:263,0
DA:270,5
DA:271,1
DA:274,1
DA:276,1
DA:277,1
DA:278,4
DA:279,4
DA:284,1
DA:285,1
DA:286,2
DA:288,1
DA:291,1
DA:292,1
DA:293,2
DA:294,6
DA:298,4
DA:306,1
DA:308,2
DA:309,2
DA:311,1
DA:313,1
DA:315,1
DA:316,4
DA:321,2
DA:322,3
DA:325,2
DA:326,3
DA:327,3
DA:328,1
DA:331,2
DA:332,2
DA:341,3
DA:342,1
DA:343,2
DA:344,4
DA:348,4
DA:349,2
DA:350,1
DA:353,2
DA:354,1
DA:356,2
DA:357,3
DA:360,1
DA:362,2
DA:363,1
DA:364,1
DA:365,2
DA:366,3
DA:369,2
DA:370,1
DA:371,1
DA:372,1
DA:373,1
DA:376,1
DA:377,1
DA:378,2
DA:379,2
DA:382,1
DA:383,2
DA:384,2
DA:388,1
DA:389,0
DA:390,0
DA:391,0
DA:392,0
DA:395,0
DA:397,0
DA:400,0
DA:401,0
DA:410,1
DA:411,3
DA:412,2
DA:413,3
DA:417,3
DA:418,2
DA:419,2
DA:425,4
DA:428,4
DA:429,2
DA:430,3
DA:434,4
DA:436,1
DA:437,1
DA:438,2
DA:439,2
DA:443,5
DA:444,1
DA:445,2
DA:449,2
DA:450,2
DA:458,1
DA:460,1
DA:461,1
DA:463,3
DA:465,2
DA:466,1
DA:469,3
DA:470,1
DA:473,1
DA:477,1
DA:478,1
DA:480,3
DA:481,2
DA:482,1
DA:484,4
DA:487,1
DA:496,1
DA:498,1
DA:499,1
DA:500,1
DA:501,2
DA:505,1
DA:506,4
LF:217
LH:158
end_of_record
SF:lib\providers\response_provider.dart
DA:15,1
DA:16,1
DA:19,1
DA:20,4
DA:21,2
DA:24,1
DA:25,2
DA:28,1
DA:29,4
DA:30,1
DA:31,1
DA:34,1
DA:35,2
DA:36,4
DA:38,2
DA:39,2
DA:40,1
DA:44,1
DA:45,4
DA:46,1
DA:47,1
DA:50,1
DA:51,4
DA:52,1
DA:53,1
DA:56,1
DA:57,2
DA:58,2
DA:60,1
DA:61,1
DA:64,1
DA:65,4
DA:66,1
DA:67,1
DA:70,1
DA:71,4
DA:72,1
DA:73,1
DA:76,1
DA:77,1
DA:78,1
DA:79,1
DA:80,1
DA:81,1
DA:85,2
DA:86,2
DA:87,2
DA:88,2
DA:89,2
DA:90,2
DA:91,2
DA:92,2
DA:95,2
DA:96,4
LF:54
LH:54
end_of_record
SF:lib\utils\connection_checker.dart
DA:5,4
DA:8,1
DA:11,2
DA:12,0
DA:14,0
DA:17,0
DA:23,0
DA:27,3
DA:33,2
DA:37,3
DA:38,6
LF:11
LH:7
end_of_record
SF:lib\utils\notification_service.dart
DA:12,0
DA:13,0
DA:23,0
DA:24,0
DA:42,0
DA:44,0
DA:45,0
DA:46,0
DA:47,0
DA:51,0
DA:53,0
DA:57,0
DA:58,0
DA:59,0
DA:60,0
DA:61,0
DA:66,0
DA:67,0
DA:68,0
DA:71,0
DA:72,0
DA:73,0
DA:75,0
DA:78,0
DA:83,0
DA:85,0
DA:86,0
DA:87,0
DA:89,0
DA:93,0
DA:94,0
DA:95,0
DA:97,0
DA:99,0
DA:104,0
DA:109,0
DA:110,0
DA:111,0
DA:119,0
DA:128,0
DA:132,0
DA:142,0
DA:144,0
DA:145,0
DA:146,0
DA:147,0
DA:154,0
DA:156,0
DA:163,0
DA:176,0
DA:181,0
DA:182,0
DA:190,0
DA:195,0
DA:196,0
DA:199,0
LF:56
LH:0
end_of_record
SF:lib\models\beta_models\tracking_reading_model.dart
DA:6,1
DA:12,2
DA:13,1
DA:14,1
DA:15,2
DA:18,1
DA:19,1
DA:20,2
DA:21,2
DA:22,2
DA:26,1
DA:28,5
LF:12
LH:12
end_of_record
SF:lib\managers\map\living_lab_manager.dart
DA:41,1
DA:43,1
DA:46,1
DA:49,5
DA:55,1
DA:57,2
DA:58,2
DA:65,1
DA:67,1
DA:70,1
DA:72,2
DA:74,3
DA:75,4
DA:76,4
DA:77,4
DA:78,4
DA:79,3
DA:80,5
DA:81,6
DA:82,6
DA:83,1
LF:21
LH:21
end_of_record
SF:lib\managers\map\location_map_manager.dart
DA:9,1
DA:10,1
DA:11,1
DA:24,1
DA:26,1
LF:5
LH:5
end_of_record
SF:lib\managers\map\location_screen_manager.dart
DA:21,0
DA:22,0
DA:24,0
DA:25,0
DA:27,0
DA:28,0
DA:30,0
DA:31,0
DA:33,0
DA:34,0
DA:36,0
DA:37,0
DA:39,0
DA:41,0
DA:44,0
DA:48,0
DA:49,0
DA:50,0
DA:57,0
DA:58,0
DA:59,0
DA:60,0
DA:62,0
DA:63,0
DA:64,0
DA:65,0
DA:69,0
DA:74,0
DA:78,0
DA:81,0
DA:82,0
DA:83,0
DA:88,0
DA:94,0
DA:95,0
DA:96,0
DA:97,0
DA:98,0
DA:103,0
DA:104,0
DA:105,0
DA:106,0
DA:107,0
DA:112,0
DA:117,0
DA:124,0
DA:125,0
DA:128,0
DA:129,0
DA:131,0
DA:132,0
DA:135,0
DA:137,0
DA:138,0
DA:139,0
DA:140,0
DA:141,0
DA:142,0
DA:145,0
DA:146,0
DA:147,0
DA:148,0
DA:149,0
DA:150,0
DA:153,0
DA:154,0
DA:155,0
DA:156,0
DA:157,0
DA:158,0
LF:70
LH:0
end_of_record
SF:lib\models\enums\location_type.dart
DA:5,1
DA:7,1
DA:9,1
DA:14,0
DA:16,0
DA:18,0
LF:6
LH:3
end_of_record
SF:lib\models\enums\date_time_type.dart
DA:6,0
DA:8,0
DA:10,0
DA:12,0
DA:17,0
DA:19,0
DA:21,0
DA:23,0
LF:8
LH:0
end_of_record
SF:lib\utils\api_datetime.dart
DA:2,5
DA:3,5
DA:4,5
DA:6,5
DA:7,2
DA:10,10
DA:13,1
DA:16,4
DA:20,0
DA:22,0
DA:24,0
DA:25,0
DA:26,0
DA:27,0
DA:30,0
DA:32,0
DA:33,0
DA:34,0
DA:35,0
LF:19
LH:8
end_of_record
SF:lib\utils\preferred_report_location.dart
DA:4,0
DA:6,5
DA:7,10
DA:8,5
DA:9,10
DA:12,5
DA:13,5
DA:14,5
DA:18,5
DA:20,7
DA:21,7
DA:24,3
DA:28,3
DA:30,6
DA:31,0
LF:15
LH:13
end_of_record
SF:lib\models\animal_waarneming_models\interaction_to_animal_pin.dart
DA:6,0
DA:7,0
DA:8,0
DA:9,0
DA:10,0
DA:11,0
DA:12,0
DA:13,0
LF:8
LH:0
end_of_record
SF:lib\utils\interaction_type_display.dart
DA:2,4
DA:8,1
DA:10,0
DA:12,0
DA:17,8
DA:18,4
DA:20,4
DA:21,1
DA:22,0
DA:25,0
DA:26,0
DA:27,0
DA:28,0
DA:29,0
DA:32,0
DA:33,0
DA:34,0
DA:35,0
DA:36,0
DA:43,3
DA:50,3
DA:51,3
DA:57,1
DA:60,0
DA:61,0
DA:62,0
DA:64,0
DA:72,0
DA:73,0
DA:74,0
DA:75,0
DA:80,0
DA:81,0
DA:82,0
DA:83,0
DA:84,0
DA:85,0
DA:87,0
DA:88,0
DA:90,0
DA:92,0
DA:95,0
DA:96,0
DA:97,0
LF:44
LH:10
end_of_record
SF:lib\models\enums\animal_age_extensions.dart
DA:4,0
DA:6,0
DA:8,0
DA:10,0
DA:12,0
DA:17,0
DA:19,0
DA:21,0
DA:23,0
DA:25,0
DA:30,0
DA:33,0
DA:54,0
LF:13
LH:0
end_of_record
SF:lib\models\enums\animal_gender_extensions.dart
DA:4,0
DA:6,0
DA:8,0
DA:10,0
DA:15,0
DA:17,0
DA:19,0
DA:21,0
LF:8
LH:0
end_of_record
SF:lib\models\enums\animal_condition_extensions.dart
DA:4,0
DA:6,0
DA:8,0
DA:10,0
DA:12,0
DA:18,0
DA:20,0
DA:22,0
DA:24,0
DA:26,0
LF:10
LH:0
end_of_record
SF:lib\models\api_models\location.dart
DA:5,2
DA:7,2
DA:8,2
DA:9,4
DA:10,4
DA:14,2
DA:15,6
LF:7
LH:7
end_of_record
SF:lib\models\beta_models\accident_report_model.dart
DA:25,1
DA:39,1
DA:42,5
DA:44,1
DA:45,2
DA:46,1
DA:48,1
DA:52,2
DA:53,1
DA:54,1
DA:55,1
DA:56,1
DA:57,2
DA:58,2
DA:60,1
DA:61,2
DA:63,2
DA:64,1
DA:65,4
DA:67,1
DA:68,1
LF:21
LH:21
end_of_record
SF:lib\models\beta_models\animal_sighting_report_wrapper.dart
DA:8,1
DA:10,1
DA:12,2
LF:3
LH:3
end_of_record
SF:lib\utils\sighting_api_transformer.dart
DA:10,1
DA:11,2
DA:12,4
DA:15,3
DA:16,1
DA:18,3
DA:19,1
DA:21,3
DA:22,1
DA:24,2
DA:25,1
DA:30,2
DA:31,3
DA:32,1
DA:34,2
DA:35,3
DA:36,0
DA:38,2
DA:42,4
DA:45,2
DA:46,3
DA:47,1
DA:49,4
DA:51,1
DA:52,3
DA:53,4
DA:54,1
DA:56,2
DA:57,4
DA:58,1
DA:60,1
DA:61,1
DA:62,1
DA:63,1
DA:64,2
DA:65,2
DA:74,3
DA:75,3
DA:76,3
DA:77,3
DA:81,1
DA:82,1
DA:89,1
DA:90,1
DA:91,1
DA:92,1
DA:93,1
DA:94,1
DA:95,3
DA:96,2
DA:101,1
DA:102,1
DA:104,2
DA:105,3
DA:106,2
DA:111,1
DA:112,1
DA:113,1
DA:115,1
DA:123,1
DA:125,1
DA:127,1
DA:129,1
DA:137,1
DA:138,1
DA:139,1
DA:141,1
DA:143,1
DA:145,1
DA:152,1
DA:153,1
DA:154,1
DA:156,1
DA:158,1
LF:74
LH:73
end_of_record
SF:lib\models\beta_models\polygon_area_model.dart
DA:10,0
DA:15,0
DA:19,0
DA:20,0
DA:21,0
DA:22,0
DA:23,0
DA:24,0
DA:25,0
DA:27,0
DA:30,0
DA:31,0
DA:33,0
DA:34,0
DA:35,0
DA:36,0
DA:40,0
DA:41,0
DA:42,0
DA:43,0
DA:45,0
DA:47,0
DA:50,0
DA:51,0
DA:54,0
DA:55,0
DA:62,0
DA:63,0
DA:64,0
DA:67,0
DA:68,0
DA:69,0
DA:73,0
DA:74,0
DA:75,0
DA:76,0
DA:77,0
DA:78,0
DA:79,0
DA:80,0
DA:83,0
DA:84,0
DA:85,0
DA:86,0
DA:87,0
LF:45
LH:0
end_of_record
SF:lib\models\beta_models\report_factory.dart
DA:8,3
DA:9,0
DA:10,0
DA:11,0
LF:4
LH:1
end_of_record
SF:lib\screens\login\login_screen.dart
DA:19,0
DA:22,0
DA:26,0
DA:28,0
DA:32,0
DA:33,0
DA:35,0
DA:36,0
DA:39,0
DA:40,0
DA:42,0
DA:47,0
DA:48,0
DA:49,0
DA:50,0
DA:56,0
DA:57,0
DA:58,0
DA:64,0
DA:65,0
DA:66,0
DA:67,0
DA:70,0
DA:71,0
DA:72,0
DA:76,0
DA:77,0
DA:81,0
DA:84,0
DA:85,0
DA:86,0
DA:89,0
DA:90,0
DA:91,0
DA:95,0
DA:96,0
DA:97,0
DA:104,5
DA:106,1
DA:107,1
DA:118,1
DA:120,2
DA:121,2
DA:122,1
DA:125,1
DA:126,3
DA:128,1
DA:129,0
DA:130,0
DA:135,2
DA:136,1
DA:137,1
DA:142,2
DA:143,1
DA:146,1
DA:147,2
DA:148,1
DA:149,1
DA:155,0
DA:157,0
DA:158,0
DA:159,0
DA:160,0
DA:161,0
DA:165,0
DA:166,0
DA:167,0
DA:168,0
DA:174,0
DA:175,0
DA:177,0
DA:178,0
DA:179,0
DA:184,0
DA:185,0
DA:186,0
DA:190,0
DA:191,0
DA:193,0
DA:194,0
DA:195,0
DA:196,0
DA:197,0
DA:203,0
DA:205,0
DA:207,0
DA:208,0
DA:209,0
DA:210,0
DA:216,0
DA:217,0
DA:218,0
DA:219,0
DA:220,0
DA:224,1
DA:226,1
DA:228,1
DA:229,1
DA:230,1
DA:232,1
DA:233,1
DA:236,1
DA:239,1
DA:242,1
DA:250,1
DA:252,4
DA:261,1
DA:263,4
DA:265,1
DA:271,1
DA:274,1
DA:275,1
DA:281,1
DA:283,1
DA:285,1
DA:286,2
DA:288,1
DA:290,4
DA:297,1
DA:298,1
DA:299,1
DA:301,1
DA:303,1
DA:304,1
DA:311,1
DA:312,1
DA:318,1
DA:319,1
DA:325,1
DA:326,1
DA:337,1
DA:338,1
DA:340,1
DA:341,1
DA:342,1
DA:343,1
DA:348,1
DA:351,1
DA:352,2
DA:353,1
DA:355,1
DA:356,1
DA:357,1
DA:360,1
DA:361,0
DA:364,0
DA:369,1
DA:371,1
DA:372,1
DA:373,1
DA:374,1
DA:382,1
DA:383,1
DA:384,1
DA:385,0
DA:386,0
DA:388,0
DA:391,1
DA:393,1
DA:401,0
DA:403,0
DA:405,0
DA:412,0
DA:413,0
DA:414,0
DA:416,0
DA:420,0
DA:421,0
DA:422,0
DA:425,0
DA:427,0
DA:428,0
DA:435,0
DA:436,0
DA:442,0
DA:443,0
DA:449,0
DA:450,0
DA:462,0
DA:463,0
DA:465,0
DA:466,0
DA:467,0
DA:468,0
DA:473,0
DA:476,0
DA:477,0
DA:478,0
DA:480,0
DA:481,0
DA:482,0
DA:485,0
DA:486,0
DA:489,0
DA:494,0
DA:496,0
DA:497,0
DA:498,0
DA:499,0
DA:507,0
DA:508,0
DA:510,0
DA:511,0
DA:512,0
DA:514,0
LF:205
LH:79
end_of_record
SF:lib\providers\belonging_damage_report_provider.dart
DA:34,0
DA:35,0
DA:37,0
DA:38,0
DA:39,0
DA:42,0
DA:43,0
DA:44,0
DA:47,0
DA:48,0
DA:50,0
DA:51,0
DA:55,0
DA:56,0
DA:58,0
DA:59,0
DA:62,0
DA:63,0
DA:64,0
DA:65,0
DA:74,0
DA:75,0
DA:78,0
DA:79,0
DA:81,0
DA:82,0
DA:85,0
DA:86,0
DA:87,0
DA:88,0
DA:91,0
DA:92,0
DA:93,0
DA:96,0
DA:97,0
DA:98,0
DA:101,0
DA:102,0
DA:103,0
DA:106,0
DA:107,0
DA:108,0
DA:111,0
DA:112,0
DA:113,0
DA:116,0
DA:117,0
DA:118,0
DA:121,0
DA:122,0
DA:123,0
DA:126,0
DA:127,0
DA:128,0
DA:131,0
DA:132,0
DA:133,0
DA:136,0
DA:137,0
DA:138,0
DA:141,0
DA:142,0
DA:146,0
DA:147,0
DA:148,0
DA:151,0
DA:152,0
DA:154,0
DA:155,0
DA:156,0
DA:157,0
DA:160,0
DA:161,0
DA:162,0
DA:163,0
DA:164,0
DA:167,0
DA:168,0
DA:169,0
DA:172,0
DA:173,0
DA:174,0
DA:177,0
DA:178,0
DA:179,0
DA:182,0
DA:183,0
DA:184,0
DA:187,0
DA:188,0
DA:189,0
DA:192,0
DA:193,0
DA:194,0
DA:195,0
DA:196,0
DA:197,0
DA:198,0
DA:200,0
DA:203,0
DA:204,0
DA:205,0
DA:206,0
DA:207,0
DA:208,0
DA:209,0
DA:210,0
DA:211,0
DA:212,0
DA:213,0
DA:214,0
DA:215,0
DA:216,0
DA:217,0
DA:218,0
DA:219,0
DA:220,0
DA:221,0
DA:222,0
DA:223,0
DA:226,0
DA:227,0
DA:228,0
DA:229,0
DA:230,0
LF:125
LH:0
end_of_record
SF:lib\screens\belonging\belonging_animal_screen.dart
DA:17,5
DA:19,0
DA:20,0
DA:34,0
DA:36,0
DA:37,0
DA:38,0
DA:39,0
DA:41,0
DA:42,0
DA:43,0
DA:44,0
DA:45,0
DA:46,0
DA:49,0
DA:51,0
DA:53,0
DA:54,0
DA:55,0
DA:56,0
DA:59,0
DA:60,0
DA:61,0
DA:65,0
DA:66,0
DA:67,0
DA:71,0
DA:72,0
DA:74,0
DA:75,0
DA:76,0
DA:79,0
DA:80,0
DA:81,0
DA:86,0
DA:88,0
DA:89,0
DA:90,0
DA:91,0
DA:98,0
DA:99,0
DA:100,0
DA:101,0
DA:102,0
DA:106,0
DA:110,0
DA:112,0
DA:114,0
DA:116,0
DA:117,0
DA:118,0
DA:120,0
DA:123,0
DA:124,0
DA:126,0
DA:127,0
DA:135,0
DA:140,0
DA:141,0
DA:143,0
DA:150,0
DA:152,0
DA:153,0
DA:158,0
DA:159,0
DA:162,0
DA:163,0
DA:164,0
DA:165,0
DA:167,0
DA:172,0
DA:181,0
DA:182,0
DA:183,0
DA:184,0
DA:186,0
DA:191,0
DA:202,0
DA:203,0
DA:205,0
DA:206,0
DA:214,0
DA:215,0
DA:217,0
DA:219,0
DA:220,0
DA:226,0
DA:227,0
DA:230,0
DA:231,0
DA:232,0
DA:234,0
DA:241,0
DA:242,0
DA:247,0
DA:248,0
DA:249,0
DA:250,0
DA:255,0
DA:256,0
DA:257,0
DA:268,0
DA:269,0
DA:270,0
DA:271,0
DA:272,0
DA:273,0
DA:274,0
DA:275,0
DA:277,0
DA:281,0
DA:282,0
DA:283,0
DA:287,0
DA:291,0
DA:293,0
DA:299,0
DA:300,0
DA:303,0
DA:306,0
DA:308,0
DA:309,0
DA:315,0
DA:318,0
DA:319,0
DA:321,0
DA:322,0
DA:324,0
DA:325,0
DA:327,0
DA:328,0
DA:329,0
DA:335,0
DA:341,0
DA:342,0
DA:343,0
DA:344,0
DA:345,0
LF:138
LH:1
end_of_record
SF:lib\screens\belonging\belonging_damages_screen.dart
DA:13,5
DA:15,0
DA:16,0
DA:25,0
DA:27,0
DA:28,0
DA:29,0
DA:30,0
DA:31,0
DA:32,0
DA:35,0
DA:37,0
DA:39,0
DA:40,0
DA:47,0
DA:49,0
DA:51,0
DA:52,0
DA:59,0
DA:61,0
DA:63,0
DA:64,0
DA:67,0
DA:68,0
DA:69,0
DA:70,0
DA:72,0
DA:73,0
DA:80,0
DA:81,0
DA:83,0
DA:84,0
DA:91,0
DA:93,0
DA:94,0
DA:97,0
DA:98,0
DA:99,0
DA:103,0
DA:108,0
DA:114,0
DA:115,0
DA:116,0
DA:127,0
DA:128,0
DA:129,0
DA:131,0
DA:132,0
DA:133,0
DA:140,0
DA:141,0
DA:142,0
DA:143,0
DA:146,0
DA:147,0
DA:148,0
DA:149,0
DA:150,0
DA:151,0
DA:155,0
DA:156,0
DA:157,0
DA:163,0
DA:164,0
DA:170,0
DA:171,0
DA:173,0
DA:174,0
DA:175,0
DA:178,0
DA:179,0
DA:181,0
DA:182,0
DA:185,0
DA:186,0
DA:189,0
DA:190,0
DA:191,0
DA:192,0
DA:196,0
DA:197,0
DA:198,0
DA:199,0
DA:203,0
DA:205,0
DA:206,0
DA:207,0
DA:208,0
DA:209,0
DA:220,0
DA:221,0
DA:222,0
DA:223,0
DA:224,0
LF:94
LH:1
end_of_record
SF:lib\widgets\shared_ui_widgets\app_bar.dart
DA:25,2
DA:44,2
DA:46,2
DA:47,2
DA:51,2
DA:52,0
DA:53,4
DA:54,0
DA:58,2
DA:59,2
DA:60,2
DA:61,4
DA:64,6
DA:67,6
DA:69,4
DA:71,6
DA:73,2
DA:74,2
DA:75,2
DA:78,2
DA:79,2
DA:81,2
DA:83,2
DA:85,2
DA:86,2
DA:87,0
DA:88,0
DA:89,0
DA:91,0
DA:93,0
DA:94,0
DA:95,0
DA:97,0
DA:98,0
DA:99,0
DA:109,2
DA:111,2
DA:112,2
DA:114,2
DA:115,2
DA:127,2
DA:129,2
DA:131,2
DA:132,2
DA:133,0
DA:134,0
DA:135,0
DA:137,0
DA:138,0
DA:139,0
DA:140,0
DA:141,0
DA:146,2
DA:147,1
DA:148,1
DA:149,1
DA:150,1
DA:152,1
DA:154,1
DA:155,0
DA:156,0
DA:157,0
DA:158,0
DA:162,1
DA:164,1
LF:65
LH:41
end_of_record
SF:lib\widgets\shared_ui_widgets\bottom_app_bar.dart
DA:12,2
DA:20,0
DA:21,0
DA:22,0
DA:25,1
DA:26,2
DA:27,2
DA:30,2
DA:32,2
DA:39,2
DA:42,2
DA:45,2
DA:46,2
DA:47,4
DA:48,2
DA:49,2
DA:51,2
DA:52,2
DA:53,2
DA:54,3
DA:56,2
DA:64,2
DA:71,2
DA:74,4
DA:75,2
DA:76,2
DA:77,1
DA:78,2
DA:80,1
DA:88,1
DA:95,1
LF:31
LH:28
end_of_record
SF:lib\widgets\animals\scrollable_animal_grid.dart
DA:14,0
DA:24,0
DA:25,0
DA:26,0
DA:27,0
DA:30,0
DA:35,0
DA:41,0
DA:42,0
DA:43,0
DA:45,0
DA:46,0
DA:47,0
DA:54,0
DA:56,0
DA:57,0
DA:59,0
DA:60,0
DA:63,0
DA:64,0
DA:71,0
DA:87,0
DA:88,0
DA:89,0
DA:91,0
DA:99,0
DA:101,0
DA:102,0
DA:104,0
DA:105,0
DA:108,0
DA:109,0
DA:116,0
DA:132,0
DA:135,0
DA:137,0
DA:138,0
DA:139,0
LF:38
LH:0
end_of_record
SF:lib\screens\belonging\belonging_location_screen.dart
DA:21,5
DA:23,0
DA:25,0
DA:42,0
DA:43,0
DA:45,0
DA:47,0
DA:48,0
DA:49,0
DA:51,0
DA:52,0
DA:53,0
DA:55,0
DA:58,0
DA:59,0
DA:61,0
DA:62,0
DA:66,0
DA:67,0
DA:68,0
DA:70,0
DA:71,0
DA:72,0
DA:74,0
DA:76,0
DA:77,0
DA:81,0
DA:82,0
DA:83,0
DA:85,0
DA:86,0
DA:88,0
DA:89,0
DA:93,0
DA:94,0
DA:99,0
DA:100,0
DA:101,0
DA:102,0
DA:103,0
DA:104,0
DA:105,0
DA:107,0
DA:108,0
DA:113,0
DA:114,0
DA:115,0
DA:116,0
DA:118,0
DA:119,0
DA:123,0
DA:124,0
DA:125,0
DA:129,0
DA:130,0
DA:131,0
DA:134,0
DA:135,0
DA:136,0
DA:137,0
DA:138,0
DA:139,0
DA:147,0
DA:148,0
DA:149,0
DA:151,0
DA:152,0
DA:154,0
DA:155,0
DA:160,0
DA:162,0
DA:163,0
DA:165,0
DA:166,0
DA:170,0
DA:171,0
DA:172,0
DA:174,0
DA:175,0
DA:176,0
DA:177,0
DA:178,0
DA:180,0
DA:181,0
DA:182,0
DA:183,0
DA:185,0
DA:186,0
DA:191,0
DA:193,0
DA:194,0
DA:200,0
DA:201,0
DA:203,0
DA:204,0
DA:205,0
DA:210,0
DA:211,0
DA:213,0
DA:214,0
DA:216,0
DA:217,0
DA:220,0
DA:221,0
DA:222,0
DA:224,0
DA:225,0
DA:226,0
DA:232,0
DA:233,0
DA:234,0
DA:235,0
DA:236,0
DA:238,0
DA:239,0
DA:240,0
DA:244,0
DA:245,0
DA:246,0
DA:247,0
DA:248,0
DA:250,0
DA:251,0
DA:252,0
DA:258,0
DA:260,0
DA:261,0
DA:271,0
DA:274,0
DA:275,0
DA:276,0
DA:277,0
DA:278,0
DA:282,0
DA:283,0
DA:284,0
DA:286,0
DA:287,0
DA:288,0
DA:289,0
DA:292,0
DA:293,0
DA:294,0
DA:295,0
DA:296,0
DA:300,0
DA:303,0
DA:305,0
DA:306,0
DA:307,0
DA:308,0
DA:309,0
DA:310,0
DA:321,0
DA:323,0
DA:330,0
DA:331,0
DA:332,0
DA:337,0
DA:345,0
DA:348,0
LF:161
LH:1
end_of_record
SF:lib\widgets\location\invisible_map_preloader.dart
DA:10,5
DA:12,0
DA:14,0
DA:16,0
DA:18,0
DA:21,0
DA:23,0
LF:7
LH:1
end_of_record
SF:lib\screens\shared\main_nav_screen.dart
DA:24,5
DA:31,0
DA:32,0
DA:39,0
DA:41,0
DA:42,0
DA:43,0
DA:44,0
DA:45,0
DA:49,0
DA:50,0
DA:51,0
DA:52,0
DA:53,0
DA:54,0
DA:59,0
DA:61,0
DA:63,0
DA:65,0
DA:67,0
DA:69,0
DA:71,0
DA:76,0
DA:77,0
DA:80,0
DA:81,0
DA:82,0
DA:83,0
DA:85,0
DA:86,0
DA:90,0
DA:91,0
DA:95,0
DA:96,0
DA:97,0
DA:103,0
DA:104,0
DA:105,0
DA:108,0
DA:110,0
DA:111,0
DA:112,0
DA:113,0
DA:114,0
DA:118,0
DA:120,0
DA:122,0
DA:125,0
DA:126,0
DA:127,0
DA:128,0
DA:129,0
DA:130,0
DA:131,0
DA:132,0
DA:133,0
DA:134,0
DA:136,0
DA:137,0
DA:138,0
DA:139,0
DA:141,0
DA:144,0
DA:147,0
DA:148,0
DA:149,0
LF:66
LH:1
end_of_record
SF:lib\screens\questionnaire\questionnaire_screen.dart
DA:15,0
DA:21,0
DA:22,0
DA:33,0
DA:35,0
DA:36,0
DA:37,0
DA:38,0
DA:41,0
DA:42,0
DA:43,0
DA:44,0
DA:47,0
DA:48,0
DA:50,0
DA:51,0
DA:52,0
DA:55,0
DA:56,0
DA:58,0
DA:59,0
DA:62,0
DA:64,0
DA:65,0
DA:68,0
DA:69,0
DA:70,0
DA:71,0
DA:72,0
DA:77,0
DA:78,0
DA:79,0
DA:82,0
DA:83,0
DA:85,0
DA:86,0
DA:87,0
DA:90,0
DA:91,0
DA:94,0
DA:96,0
DA:97,0
DA:101,0
DA:102,0
DA:104,0
DA:105,0
DA:109,0
DA:110,0
DA:111,0
DA:112,0
DA:113,0
DA:114,0
DA:119,0
DA:120,0
DA:121,0
DA:122,0
DA:123,0
DA:124,0
DA:125,0
DA:126,0
DA:129,0
DA:130,0
DA:131,0
DA:133,0
DA:134,0
DA:139,0
DA:142,0
DA:143,0
DA:144,0
DA:145,0
DA:152,0
DA:155,0
DA:158,0
DA:159,0
DA:160,0
DA:161,0
DA:162,0
DA:163,0
DA:164,0
DA:176,0
DA:177,0
LF:81
LH:0
end_of_record
SF:lib\utils\toast_notification_handler.dart
DA:5,0
DA:10,0
DA:13,0
DA:17,0
LF:4
LH:0
end_of_record
SF:lib\widgets\location\location_screen_ui_widget.dart
DA:24,5
DA:26,0
DA:27,0
DA:35,0
DA:37,0
DA:38,0
DA:39,0
DA:40,0
DA:41,0
DA:42,0
DA:44,0
DA:48,0
DA:50,0
DA:53,0
DA:55,0
DA:58,0
DA:59,0
DA:61,0
DA:62,0
DA:63,0
DA:64,0
DA:68,0
DA:69,0
DA:70,0
DA:71,0
DA:73,0
DA:74,0
DA:79,0
DA:80,0
DA:81,0
DA:82,0
DA:83,0
DA:84,0
DA:86,0
DA:87,0
DA:93,0
DA:94,0
DA:96,0
DA:97,0
DA:98,0
DA:100,0
DA:101,0
DA:102,0
DA:103,0
DA:107,0
DA:110,0
DA:111,0
DA:112,0
DA:113,0
DA:114,0
DA:116,0
DA:118,0
DA:119,0
DA:125,0
DA:127,0
DA:128,0
DA:130,0
DA:131,0
DA:134,0
DA:137,0
DA:138,0
DA:142,0
DA:151,0
DA:152,0
DA:155,0
DA:156,0
DA:157,0
DA:159,0
DA:161,0
DA:162,0
DA:166,0
DA:169,0
DA:170,0
DA:171,0
DA:174,0
DA:175,0
DA:177,0
DA:182,0
DA:183,0
DA:184,0
DA:185,0
DA:186,0
DA:187,0
DA:192,0
DA:194,0
DA:195,0
DA:197,0
DA:199,0
DA:201,0
DA:202,0
DA:204,0
DA:207,0
DA:208,0
DA:209,0
DA:210,0
DA:212,0
DA:213,0
DA:214,0
DA:216,0
DA:217,0
DA:219,0
DA:221,0
DA:230,0
DA:233,0
DA:235,0
DA:236,0
DA:238,0
DA:247,0
DA:250,0
DA:251,0
DA:252,0
DA:256,0
DA:258,0
DA:259,0
DA:260,0
DA:261,0
DA:263,0
DA:264,0
DA:266,0
DA:267,0
DA:268,0
DA:269,0
DA:270,0
DA:272,0
DA:273,0
DA:275,0
DA:278,0
DA:279,0
DA:280,0
DA:281,0
DA:282,0
DA:283,0
DA:284,0
DA:288,0
DA:289,0
DA:291,0
DA:294,0
DA:295,0
DA:296,0
DA:299,0
DA:301,0
DA:302,0
DA:309,0
DA:310,0
DA:311,0
DA:314,0
DA:315,0
DA:316,0
DA:317,0
DA:327,0
DA:330,0
DA:335,0
DA:336,0
DA:338,0
DA:339,0
DA:346,0
DA:348,0
DA:362,0
DA:363,0
DA:365,0
DA:367,0
DA:369,0
DA:375,0
DA:376,0
DA:377,0
DA:379,0
DA:381,0
DA:382,0
DA:384,0
DA:385,0
DA:387,0
DA:388,0
DA:389,0
DA:393,0
DA:394,0
DA:396,0
DA:397,0
DA:398,0
DA:404,0
DA:405,0
DA:408,0
DA:410,0
DA:411,0
DA:413,0
DA:422,0
DA:425,0
DA:426,0
DA:427,0
DA:433,0
DA:434,0
DA:436,0
DA:438,0
DA:439,0
DA:440,0
DA:441,0
DA:442,0
DA:445,0
DA:446,0
DA:447,0
DA:448,0
DA:449,0
DA:454,0
DA:455,0
DA:456,0
DA:457,0
DA:458,0
LF:206
LH:1
end_of_record
SF:lib\widgets\location\permission_gate.dart
DA:6,0
DA:8,0
DA:10,0
DA:13,0
LF:4
LH:0
end_of_record
SF:lib\screens\location\kaart_overview_screen.dart
DA:34,5
DA:40,0
DA:44,0
DA:48,0
DA:49,0
DA:101,0
DA:103,0
DA:104,0
DA:107,0
DA:108,0
DA:112,0
DA:114,0
DA:115,0
DA:116,0
DA:117,0
DA:118,0
DA:119,0
DA:120,0
DA:123,0
DA:128,0
DA:129,0
DA:130,0
DA:131,0
DA:132,0
DA:133,0
DA:134,0
DA:135,0
DA:136,0
DA:138,0
DA:139,0
DA:142,0
DA:143,0
DA:155,0
DA:156,0
DA:157,0
DA:158,0
DA:161,0
DA:162,0
DA:163,0
DA:168,0
DA:169,0
DA:173,0
DA:174,0
DA:178,0
DA:179,0
DA:180,0
DA:181,0
DA:182,0
DA:185,0
DA:186,0
DA:187,0
DA:188,0
DA:190,0
DA:191,0
DA:197,0
DA:198,0
DA:204,0
DA:205,0
DA:206,0
DA:209,0
DA:213,0
DA:214,0
DA:218,0
DA:219,0
DA:223,0
DA:224,0
DA:225,0
DA:228,0
DA:230,0
DA:233,0
DA:236,0
DA:237,0
DA:238,0
DA:239,0
DA:243,0
DA:245,0
DA:246,0
DA:248,0
DA:252,0
DA:253,0
DA:254,0
DA:255,0
DA:259,0
DA:261,0
DA:262,0
DA:263,0
DA:264,0
DA:266,0
DA:267,0
DA:270,0
DA:271,0
DA:272,0
DA:273,0
DA:278,0
DA:283,0
DA:284,0
DA:286,0
DA:287,0
DA:288,0
DA:289,0
DA:295,0
DA:297,0
DA:298,0
DA:301,0
DA:304,0
DA:306,0
DA:307,0
DA:308,0
DA:310,0
DA:314,0
DA:323,0
DA:326,0
DA:334,0
DA:337,0
DA:340,0
DA:349,0
DA:350,0
DA:351,0
DA:352,0
DA:354,0
DA:355,0
DA:356,0
DA:357,0
DA:358,0
DA:360,0
DA:361,0
DA:362,0
DA:367,0
DA:371,0
DA:373,0
DA:377,0
DA:378,0
DA:381,0
DA:383,0
DA:384,0
DA:385,0
DA:386,0
DA:395,0
DA:398,0
DA:402,0
DA:406,0
DA:408,0
DA:410,0
DA:411,0
DA:413,0
DA:416,0
DA:418,0
DA:419,0
DA:420,0
DA:423,0
DA:424,0
DA:425,0
DA:428,0
DA:430,0
DA:434,0
DA:441,0
DA:443,0
DA:444,0
DA:445,0
DA:448,0
DA:450,0
DA:452,0
DA:454,0
DA:455,0
DA:456,0
DA:459,0
DA:460,0
DA:461,0
DA:462,0
DA:466,0
DA:467,0
DA:468,0
DA:469,0
DA:473,0
DA:478,0
DA:479,0
DA:480,0
DA:481,0
DA:482,0
DA:484,0
DA:485,0
DA:486,0
DA:489,0
DA:491,0
DA:495,0
DA:496,0
DA:497,0
DA:499,0
DA:501,0
DA:502,0
DA:503,0
DA:506,0
DA:507,0
DA:508,0
DA:509,0
DA:510,0
DA:515,0
DA:519,0
DA:520,0
DA:524,0
DA:525,0
DA:526,0
DA:527,0
DA:529,0
DA:530,0
DA:533,0
DA:534,0
DA:535,0
DA:536,0
DA:537,0
DA:538,0
DA:539,0
DA:541,0
DA:543,0
DA:547,0
DA:548,0
DA:553,0
DA:554,0
DA:555,0
DA:556,0
DA:557,0
DA:560,0
DA:562,0
DA:564,0
DA:565,0
DA:566,0
DA:567,0
DA:571,0
DA:574,0
DA:575,0
DA:579,0
DA:580,0
DA:582,0
DA:584,0
DA:585,0
DA:586,0
DA:587,0
DA:588,0
DA:590,0
DA:592,0
DA:593,0
DA:594,0
DA:598,0
DA:603,0
DA:604,0
DA:605,0
DA:606,0
DA:607,0
DA:609,0
DA:611,0
DA:613,0
DA:617,0
DA:619,0
DA:620,0
DA:625,0
DA:628,0
DA:632,0
DA:633,0
DA:637,0
DA:642,0
DA:643,0
DA:644,0
DA:645,0
DA:646,0
DA:655,0
DA:657,0
DA:662,0
DA:663,0
DA:665,0
DA:668,0
DA:669,0
DA:670,0
DA:672,0
DA:673,0
DA:674,0
DA:675,0
DA:677,0
DA:678,0
DA:681,0
DA:684,0
DA:686,0
DA:688,0
DA:690,0
DA:691,0
DA:695,0
DA:697,0
DA:698,0
DA:699,0
DA:701,0
DA:703,0
DA:705,0
DA:706,0
DA:712,0
DA:716,0
DA:718,0
DA:719,0
DA:720,0
DA:721,0
DA:725,0
DA:728,0
DA:729,0
DA:733,0
DA:734,0
DA:736,0
DA:738,0
DA:739,0
DA:740,0
DA:741,0
DA:742,0
DA:744,0
DA:746,0
DA:747,0
DA:748,0
DA:752,0
DA:761,0
DA:762,0
DA:763,0
DA:765,0
DA:770,0
DA:771,0
DA:773,0
DA:774,0
DA:778,0
DA:780,0
DA:782,0
DA:783,0
DA:787,0
DA:789,0
DA:790,0
DA:796,0
DA:801,0
DA:802,0
DA:804,0
DA:805,0
DA:806,0
DA:808,0
DA:809,0
DA:810,0
DA:811,0
DA:813,0
DA:814,0
DA:816,0
DA:819,0
DA:820,0
DA:824,0
DA:828,0
DA:829,0
DA:831,0
DA:833,0
DA:834,0
DA:835,0
DA:837,0
DA:838,0
DA:839,0
DA:840,0
DA:841,0
DA:844,0
DA:845,0
DA:846,0
DA:847,0
DA:848,0
DA:857,0
DA:858,0
DA:859,0
DA:860,0
DA:861,0
DA:865,0
DA:868,0
DA:870,0
DA:872,0
DA:874,0
DA:876,0
DA:879,0
DA:883,0
DA:886,0
DA:887,0
DA:889,0
DA:890,0
DA:891,0
DA:892,0
DA:894,0
DA:901,0
DA:902,0
DA:903,0
DA:905,0
DA:906,0
DA:907,0
DA:914,0
DA:920,0
DA:927,0
DA:934,0
DA:949,0
DA:950,0
DA:951,0
DA:953,0
DA:954,0
DA:957,0
DA:958,0
DA:970,0
DA:972,0
DA:975,0
DA:976,0
DA:980,0
DA:982,0
DA:984,0
DA:985,0
DA:986,0
DA:1003,0
DA:1004,0
DA:1007,0
DA:1008,0
DA:1010,0
DA:1011,0
DA:1015,0
DA:1016,0
DA:1017,0
DA:1030,0
DA:1031,0
DA:1034,0
DA:1035,0
DA:1036,0
DA:1037,0
DA:1044,0
DA:1045,0
DA:1046,0
DA:1047,0
DA:1048,0
DA:1049,0
DA:1053,0
DA:1054,0
DA:1055,0
DA:1062,0
DA:1063,0
DA:1064,0
DA:1066,0
DA:1067,0
DA:1068,0
DA:1069,0
DA:1074,0
DA:1075,0
DA:1077,0
DA:1078,0
DA:1080,0
DA:1085,0
DA:1086,0
DA:1087,0
DA:1088,0
DA:1091,0
DA:1092,0
DA:1093,0
DA:1095,0
DA:1097,0
DA:1101,0
DA:1103,0
DA:1104,0
DA:1106,0
DA:1107,0
DA:1109,0
DA:1111,0
DA:1114,0
DA:1115,0
DA:1116,0
DA:1117,0
DA:1119,0
DA:1125,0
DA:1126,0
DA:1128,0
DA:1129,0
DA:1131,0
DA:1132,0
DA:1133,0
DA:1134,0
DA:1135,0
DA:1138,0
DA:1140,0
DA:1141,0
DA:1142,0
DA:1144,0
DA:1145,0
DA:1146,0
DA:1147,0
DA:1149,0
DA:1152,0
DA:1153,0
DA:1154,0
DA:1155,0
DA:1156,0
DA:1160,0
DA:1163,0
DA:1164,0
DA:1165,0
DA:1171,0
DA:1182,0
DA:1184,0
DA:1187,0
DA:1191,0
DA:1193,0
DA:1194,0
DA:1195,0
DA:1196,0
DA:1197,0
DA:1200,0
DA:1203,0
DA:1204,0
DA:1205,0
DA:1206,0
DA:1207,0
DA:1211,0
DA:1214,0
DA:1215,0
DA:1216,0
DA:1222,0
DA:1227,0
DA:1228,0
DA:1229,0
DA:1231,0
DA:1233,0
DA:1234,0
DA:1238,0
DA:1239,0
DA:1240,0
DA:1242,0
DA:1243,0
DA:1244,0
DA:1248,0
DA:1253,0
DA:1257,0
DA:1258,0
DA:1260,0
DA:1261,0
DA:1269,0
DA:1280,0
DA:1282,0
DA:1285,0
DA:1289,0
DA:1291,0
DA:1293,0
DA:1294,0
DA:1298,0
DA:1299,0
DA:1300,0
DA:1302,0
DA:1303,0
DA:1304,0
DA:1308,0
DA:1313,0
DA:1317,0
DA:1318,0
DA:1320,0
DA:1321,0
DA:1329,0
DA:1334,0
DA:1335,0
DA:1336,0
DA:1337,0
DA:1339,0
DA:1340,0
DA:1341,0
DA:1342,0
DA:1343,0
DA:1348,0
DA:1349,0
DA:1352,0
DA:1354,0
DA:1358,0
DA:1359,0
DA:1379,0
DA:1384,0
DA:1385,0
DA:1386,0
DA:1388,0
DA:1389,0
DA:1391,0
DA:1395,0
DA:1398,0
DA:1399,0
DA:1400,0
DA:1401,0
DA:1402,0
DA:1405,0
DA:1410,0
DA:1414,0
DA:1415,0
DA:1416,0
DA:1418,0
DA:1419,0
DA:1420,0
DA:1421,0
DA:1424,0
DA:1427,0
DA:1428,0
DA:1429,0
DA:1430,0
DA:1431,0
DA:1435,0
DA:1437,0
DA:1438,0
DA:1440,0
DA:1443,0
DA:1444,0
DA:1445,0
DA:1446,0
DA:1449,0
DA:1450,0
DA:1452,0
DA:1453,0
DA:1456,0
DA:1457,0
DA:1460,0
DA:1461,0
DA:1463,0
DA:1464,0
DA:1466,0
DA:1471,0
DA:1475,0
DA:1478,0
DA:1482,0
DA:1487,0
DA:1492,0
DA:1501,0
DA:1503,0
DA:1513,0
DA:1515,0
DA:1517,0
DA:1520,0
DA:1524,0
DA:1525,0
DA:1526,0
DA:1527,0
DA:1528,0
DA:1530,0
DA:1532,0
DA:1533,0
DA:1534,0
DA:1538,0
DA:1539,0
DA:1540,0
DA:1542,0
DA:1543,0
DA:1544,0
DA:1547,0
DA:1548,0
DA:1550,0
DA:1552,0
DA:1553,0
DA:1556,0
DA:1557,0
DA:1558,0
DA:1559,0
DA:1560,0
DA:1564,0
DA:1566,0
DA:1567,0
DA:1570,0
DA:1572,0
DA:1578,0
DA:1580,0
DA:1588,0
DA:1593,0
DA:1596,0
DA:1601,0
DA:1602,0
DA:1603,0
DA:1604,0
DA:1605,0
DA:1606,0
DA:1612,0
DA:1615,0
DA:1616,0
DA:1617,0
DA:1627,0
DA:1628,0
DA:1644,0
DA:1645,0
DA:1646,0
DA:1648,0
DA:1651,0
DA:1652,0
DA:1653,0
DA:1654,0
DA:1655,0
DA:1656,0
DA:1659,0
DA:1662,0
DA:1667,0
DA:1668,0
DA:1672,0
DA:1673,0
DA:1676,0
DA:1677,0
DA:1678,0
DA:1679,0
DA:1680,0
DA:1685,0
DA:1687,0
DA:1688,0
DA:1701,0
DA:1706,0
DA:1707,0
DA:1708,0
DA:1711,0
DA:1716,0
DA:1718,0
DA:1722,0
DA:1724,0
DA:1728,0
DA:1730,0
DA:1733,0
DA:1734,0
DA:1737,0
DA:1738,0
DA:1739,0
DA:1748,0
DA:1749,0
DA:1754,0
DA:1761,0
DA:1762,0
DA:1763,0
DA:1764,0
DA:1769,0
DA:1775,0
DA:1776,0
DA:1777,0
DA:1778,0
DA:1779,0
DA:1780,0
DA:1781,0
DA:1784,0
DA:1786,0
DA:1794,0
DA:1795,0
DA:1797,0
DA:1798,0
DA:1799,0
DA:1801,0
DA:1804,0
DA:1805,0
DA:1806,0
DA:1808,0
DA:1810,0
DA:1812,0
DA:1816,0
LF:742
LH:1
end_of_record
SF:lib\widgets\map\animal_detail_card.dart
DA:16,0
DA:23,0
DA:25,0
DA:26,0
DA:27,0
DA:29,0
DA:30,0
DA:33,0
DA:34,0
DA:35,0
DA:37,0
DA:38,0
DA:39,0
DA:40,0
DA:42,0
DA:50,0
DA:51,0
DA:57,0
DA:59,0
DA:60,0
DA:69,0
DA:71,0
DA:72,0
DA:74,0
DA:76,0
DA:77,0
DA:78,0
DA:84,0
DA:95,0
DA:97,0
DA:98,0
DA:99,0
DA:100,0
DA:103,0
DA:104,0
DA:109,0
DA:110,0
DA:113,0
DA:114,0
DA:137,0
DA:138,0
DA:139,0
DA:144,0
DA:147,0
DA:163,0
DA:164,0
DA:166,0
DA:167,0
DA:174,0
LF:49
LH:0
end_of_record
SF:lib\widgets\map\detection_detail_dialog.dart
DA:10,0
DA:12,0
DA:14,0
DA:15,0
DA:16,0
DA:18,0
DA:19,0
DA:21,0
DA:24,0
DA:26,0
DA:27,0
DA:28,0
DA:31,0
DA:32,0
DA:33,0
DA:42,0
DA:43,0
DA:45,0
DA:54,0
DA:56,0
DA:57,0
DA:73,0
DA:74,0
DA:77,0
DA:78,0
DA:89,0
DA:90,0
DA:93,0
DA:94,0
DA:105,0
DA:107,0
DA:110,0
DA:119,0
DA:120,0
DA:121,0
DA:122,0
DA:125,0
DA:126,0
DA:127,0
DA:128,0
DA:130,0
DA:133,0
DA:136,0
DA:138,0
DA:139,0
DA:140,0
DA:144,0
DA:145,0
DA:149,0
DA:151,0
DA:153,0
DA:162,0
DA:163,0
DA:166,0
DA:167,0
DA:168,0
DA:173,0
DA:174,0
DA:176,0
DA:177,0
DA:178,0
DA:179,0
DA:181,0
DA:183,0
DA:184,0
DA:185,0
DA:186,0
DA:188,0
LF:68
LH:0
end_of_record
SF:lib\utils\species_icon_utils.dart
DA:8,0
DA:9,0
DA:11,0
DA:12,0
DA:15,0
DA:16,0
DA:17,0
DA:18,0
DA:19,0
DA:20,0
DA:23,0
DA:27,0
DA:30,0
DA:35,0
DA:36,0
DA:37,0
DA:38,0
DA:41,0
DA:43,0
DA:46,0
DA:49,0
DA:50,0
DA:53,0
DA:58,0
DA:66,0
DA:67,0
DA:70,0
DA:71,0
DA:75,0
DA:81,0
DA:82,0
LF:31
LH:0
end_of_record
SF:lib\utils\location_sharing_dialog.dart
DA:4,0
DA:5,0
DA:9,0
DA:14,0
DA:15,0
DA:16,0
DA:19,0
DA:20,0
DA:21,0
LF:9
LH:0
end_of_record
SF:lib\widgets\map\wildlifenl_map.dart
DA:8,5
DA:10,0
DA:12,0
DA:14,0
DA:16,0
DA:18,0
DA:20,0
DA:38,0
DA:49,0
DA:54,0
DA:55,0
DA:56,0
DA:57,0
DA:58,0
DA:59,0
DA:60,0
DA:63,0
DA:67,0
DA:68,0
DA:70,0
DA:71,0
LF:21
LH:1
end_of_record
SF:lib\screens\location\location_screen.dart
DA:30,5
DA:32,0
DA:33,0
DA:40,0
DA:41,0
DA:42,0
DA:43,0
DA:44,0
DA:47,0
DA:48,0
DA:53,0
DA:55,0
DA:56,0
DA:57,0
DA:58,0
DA:59,0
DA:61,0
DA:64,0
DA:68,0
DA:70,0
DA:71,0
DA:72,0
DA:73,0
DA:76,0
DA:80,0
DA:81,0
DA:83,0
DA:86,0
DA:87,0
DA:89,0
DA:90,0
DA:91,0
DA:96,0
DA:98,0
DA:102,0
DA:103,0
DA:104,0
DA:105,0
DA:108,0
DA:109,0
DA:110,0
DA:115,0
DA:116,0
DA:117,0
DA:120,0
DA:121,0
DA:122,0
DA:126,0
DA:127,0
DA:128,0
DA:131,0
DA:132,0
DA:138,0
DA:139,0
DA:140,0
DA:141,0
DA:142,0
DA:147,0
DA:148,0
DA:149,0
DA:150,0
DA:153,0
DA:159,0
DA:160,0
DA:165,0
DA:168,0
DA:169,0
DA:170,0
DA:171,0
DA:172,0
DA:177,0
DA:178,0
DA:179,0
DA:180,0
DA:186,0
DA:187,0
DA:190,0
DA:193,0
DA:196,0
DA:201,0
DA:202,0
DA:203,0
DA:204,0
DA:206,0
DA:209,0
DA:210,0
DA:212,0
DA:213,0
DA:219,0
DA:220,0
DA:223,0
DA:224,0
DA:225,0
DA:230,0
DA:231,0
DA:232,0
DA:233,0
DA:235,0
DA:236,0
DA:239,0
DA:240,0
DA:241,0
DA:242,0
DA:247,0
DA:248,0
DA:249,0
DA:250,0
DA:251,0
DA:256,0
DA:258,0
DA:259,0
DA:260,0
DA:261,0
DA:262,0
DA:273,0
DA:277,0
DA:278,0
DA:279,0
DA:280,0
DA:281,0
DA:284,0
DA:285,0
DA:293,0
DA:294,0
DA:295,0
DA:297,0
DA:301,0
DA:309,0
DA:315,0
DA:317,0
DA:321,0
DA:322,0
DA:326,0
DA:327,0
DA:328,0
DA:329,0
DA:332,0
DA:333,0
DA:338,0
DA:340,0
DA:341,0
DA:346,0
DA:347,0
DA:353,0
DA:355,0
DA:356,0
DA:357,0
DA:358,0
DA:361,0
DA:372,0
DA:381,0
DA:382,0
DA:391,0
DA:392,0
DA:402,0
DA:407,0
DA:414,0
DA:415,0
DA:416,0
DA:418,0
DA:419,0
DA:420,0
DA:424,0
DA:425,0
DA:426,0
DA:427,0
DA:429,0
DA:430,0
DA:431,0
DA:433,0
DA:434,0
DA:435,0
DA:436,0
DA:437,0
DA:438,0
DA:448,0
DA:449,0
DA:450,0
DA:451,0
DA:455,0
DA:456,0
DA:460,0
DA:463,0
DA:464,0
DA:470,0
DA:471,0
DA:472,0
DA:474,0
DA:476,0
DA:483,0
DA:484,0
DA:485,0
DA:487,0
DA:495,0
DA:497,0
DA:499,0
DA:501,0
LF:197
LH:1
end_of_record
SF:lib\screens\waarneming\animal_list_overview_screen.dart
DA:15,1
DA:19,0
DA:22,0
DA:23,0
DA:25,0
DA:26,0
DA:27,0
DA:28,0
DA:29,0
DA:34,0
DA:36,0
DA:38,0
DA:40,0
DA:53,0
DA:54,0
DA:56,0
DA:57,0
DA:59,0
DA:61,0
DA:62,0
DA:64,0
DA:72,0
DA:73,0
DA:74,0
DA:76,0
DA:85,0
DA:93,0
DA:94,0
DA:95,0
DA:96,0
DA:98,0
DA:103,0
DA:105,0
DA:107,0
DA:108,0
DA:110,0
DA:115,0
DA:116,0
DA:119,0
DA:120,0
DA:121,0
DA:124,0
DA:127,0
DA:128,0
DA:131,0
DA:133,0
LF:46
LH:1
end_of_record
SF:lib\screens\waarneming\collision_details_screen.dart
DA:13,5
DA:15,0
DA:16,0
DA:25,0
DA:27,0
DA:28,0
DA:29,0
DA:32,0
DA:34,0
DA:36,0
DA:37,0
DA:38,0
DA:39,0
DA:44,0
DA:46,0
DA:47,0
DA:48,0
DA:49,0
DA:50,0
DA:54,0
DA:55,0
DA:57,0
DA:58,0
DA:60,0
DA:71,0
DA:72,0
DA:74,0
DA:75,0
DA:77,0
DA:79,0
DA:87,0
DA:88,0
DA:89,0
DA:91,0
DA:93,0
DA:95,0
DA:102,0
DA:103,0
DA:107,0
DA:111,0
DA:112,0
DA:113,0
DA:118,0
DA:119,0
DA:120,0
DA:125,0
DA:126,0
DA:127,0
DA:141,0
DA:143,0
DA:150,0
DA:151,0
DA:152,0
DA:153,0
DA:155,0
DA:156,0
DA:157,0
DA:158,0
DA:164,0
DA:165,0
DA:167,0
DA:168,0
DA:169,0
DA:170,0
DA:176,0
DA:177,0
DA:179,0
DA:180,0
DA:181,0
DA:182,0
DA:192,0
DA:194,0
DA:201,0
DA:202,0
DA:203,0
DA:204,0
DA:206,0
DA:207,0
DA:208,0
DA:209,0
DA:215,0
DA:216,0
DA:218,0
DA:219,0
DA:220,0
DA:221,0
DA:227,0
DA:228,0
DA:230,0
DA:231,0
DA:232,0
DA:233,0
DA:243,0
DA:245,0
DA:252,0
DA:253,0
DA:256,0
DA:260,0
DA:261,0
DA:262,0
DA:267,0
DA:268,0
DA:269,0
DA:274,0
DA:275,0
DA:276,0
DA:299,0
DA:300,0
DA:301,0
DA:303,0
DA:304,0
DA:305,0
DA:306,0
DA:307,0
DA:309,0
DA:312,0
DA:313,0
DA:314,0
DA:316,0
DA:319,0
DA:320,0
DA:321,0
DA:324,0
DA:327,0
DA:328,0
DA:331,0
DA:332,0
DA:344,0
DA:349,0
DA:351,0
DA:353,0
DA:355,0
DA:356,0
DA:358,0
DA:359,0
DA:361,0
LF:136
LH:1
end_of_record
SF:lib\screens\location\map_screen.dart
DA:8,0
DA:15,0
DA:16,0
DA:20,0
DA:22,0
DA:23,0
DA:24,0
LF:7
LH:0
end_of_record
SF:lib\screens\logbook\logbook_screen.dart
DA:11,0
DA:16,0
DA:17,0
DA:23,0
DA:24,0
DA:26,0
DA:30,0
DA:31,0
DA:33,0
DA:37,0
DA:38,0
DA:40,0
DA:44,0
DA:45,0
DA:47,0
DA:51,0
DA:52,0
DA:54,0
DA:58,0
DA:61,0
DA:62,0
DA:63,0
DA:64,0
DA:65,0
DA:66,0
DA:72,0
DA:74,0
DA:76,0
DA:77,0
DA:78,0
DA:83,0
DA:84,0
DA:85,0
DA:88,0
DA:89,0
DA:99,0
DA:100,0
DA:101,0
DA:103,0
DA:105,0
DA:108,0
DA:109,0
DA:114,0
DA:117,0
DA:122,0
DA:125,0
DA:129,0
DA:132,0
DA:136,0
DA:139,0
DA:143,0
DA:164,0
DA:171,0
DA:173,0
DA:177,0
DA:178,0
DA:179,0
DA:180,0
DA:184,0
DA:185,0
DA:186,0
DA:187,0
DA:189,0
DA:190,0
DA:191,0
DA:194,0
DA:195,0
DA:198,0
DA:199,0
DA:205,0
DA:206,0
DA:209,0
DA:210,0
DA:211,0
DA:218,0
DA:220,0
DA:221,0
DA:222,0
DA:224,0
LF:79
LH:0
end_of_record
SF:lib\screens\shared\my_interaction_history_screen.dart
DA:12,5
DA:14,0
DA:16,0
DA:26,0
DA:28,0
DA:29,0
DA:30,0
DA:33,0
DA:36,0
DA:38,0
DA:39,0
DA:40,0
DA:41,0
DA:42,0
DA:49,0
DA:51,0
DA:53,0
DA:55,0
DA:56,0
DA:57,0
DA:62,0
DA:70,0
DA:72,0
DA:73,0
DA:76,0
DA:77,0
DA:79,0
DA:81,0
DA:82,0
DA:84,0
DA:85,0
DA:86,0
DA:87,0
DA:92,0
DA:93,0
DA:94,0
DA:95,0
DA:99,0
DA:101,0
DA:102,0
DA:103,0
DA:104,0
DA:106,0
DA:107,0
DA:108,0
DA:109,0
DA:114,0
DA:126,0
DA:127,0
DA:128,0
DA:129,0
DA:130,0
DA:136,0
DA:137,0
DA:138,0
DA:140,0
DA:142,0
DA:149,0
DA:151,0
DA:155,0
DA:156,0
DA:157,0
DA:164,0
DA:165,0
DA:166,0
DA:168,0
DA:170,0
DA:177,0
DA:179,0
DA:183,0
DA:185,0
DA:193,0
DA:194,0
DA:195,0
DA:197,0
DA:198,0
DA:199,0
DA:200,0
DA:214,0
DA:216,0
DA:217,0
DA:218,0
DA:219,0
LF:83
LH:1
end_of_record
SF:lib\screens\logbook\saved_questionnaires_screen.dart
DA:9,5
DA:11,0
DA:13,0
DA:15,0
DA:17,0
DA:18,0
DA:19,0
DA:24,0
DA:32,0
DA:33,0
DA:34,0
DA:35,0
DA:36,0
DA:39,0
DA:40,0
DA:41,0
DA:42,0
DA:44,0
DA:59,0
DA:61,0
DA:62,0
DA:63,0
DA:64,0
DA:65,0
DA:66,0
DA:67,0
DA:69,0
DA:70,0
DA:71,0
DA:72,0
DA:73,0
DA:75,0
DA:76,0
DA:78,0
DA:79,0
DA:81,0
DA:82,0
DA:83,0
DA:84,0
DA:90,0
DA:91,0
DA:92,0
DA:93,0
DA:94,0
DA:96,0
DA:101,0
LF:46
LH:1
end_of_record
SF:lib\screens\logbook\my_responses_screen.dart
DA:12,5
DA:14,0
DA:15,0
DA:21,0
DA:23,0
DA:24,0
DA:27,0
DA:28,0
DA:29,0
DA:32,0
DA:34,0
DA:36,0
DA:37,0
DA:40,0
DA:41,0
DA:42,0
DA:44,0
DA:47,0
DA:49,0
DA:51,0
DA:53,0
DA:54,0
DA:55,0
DA:59,0
DA:60,0
DA:69,0
DA:70,0
DA:71,0
DA:72,0
DA:73,0
DA:76,0
DA:77,0
DA:78,0
DA:80,0
DA:84,0
DA:85,0
DA:90,0
DA:91,0
DA:92,0
DA:95,0
DA:96,0
DA:97,0
DA:112,0
DA:114,0
DA:116,0
DA:117,0
DA:118,0
DA:119,0
DA:120,0
DA:121,0
DA:122,0
DA:123,0
DA:125,0
DA:126,0
DA:128,0
DA:131,0
DA:134,0
DA:135,0
DA:137,0
DA:139,0
DA:140,0
DA:141,0
DA:149,0
DA:150,0
DA:152,0
DA:157,0
DA:158,0
DA:159,0
DA:166,0
DA:167,0
DA:169,0
DA:171,0
DA:176,0
DA:180,0
DA:181,0
DA:183,0
DA:185,0
DA:190,0
DA:194,0
DA:195,0
DA:197,0
DA:199,0
DA:204,0
DA:208,0
DA:209,0
DA:211,0
DA:213,0
DA:218,0
DA:222,0
DA:224,0
DA:225,0
DA:228,0
DA:236,0
DA:238,0
DA:239,0
DA:246,0
LF:96
LH:1
end_of_record
SF:lib\screens\logbook\my_contacts_screen.dart
DA:11,5
DA:13,0
DA:14,0
DA:20,0
DA:22,0
DA:23,0
DA:26,0
DA:27,0
DA:30,0
DA:31,0
DA:32,0
DA:35,0
DA:37,0
DA:39,0
DA:41,0
DA:42,0
DA:43,0
DA:49,0
DA:55,0
DA:56,0
DA:57,0
DA:58,0
DA:59,0
DA:62,0
DA:63,0
DA:64,0
DA:66,0
DA:67,0
DA:75,0
DA:76,0
DA:78,0
DA:79,0
DA:80,0
DA:81,0
DA:83,0
DA:84,0
DA:85,0
DA:87,0
DA:91,0
DA:92,0
DA:102,0
DA:103,0
DA:104,0
DA:106,0
DA:107,0
DA:108,0
DA:123,0
DA:127,0
DA:129,0
DA:131,0
DA:132,0
DA:134,0
DA:136,0
DA:139,0
DA:140,0
DA:141,0
DA:143,0
DA:145,0
DA:147,0
DA:148,0
DA:149,0
DA:150,0
DA:151,0
DA:152,0
DA:160,0
DA:165,0
DA:166,0
DA:167,0
DA:181,0
DA:182,0
DA:187,0
DA:188,0
DA:189,0
DA:190,0
DA:197,0
DA:198,0
DA:200,0
DA:202,0
DA:203,0
DA:205,0
DA:207,0
DA:210,0
DA:214,0
DA:215,0
LF:84
LH:1
end_of_record
SF:lib\screens\logbook\recent_sightings_screen.dart
DA:11,5
DA:13,0
DA:14,0
DA:20,0
DA:22,0
DA:23,0
DA:26,0
DA:27,0
DA:28,0
DA:31,0
DA:32,0
DA:33,0
DA:36,0
DA:37,0
DA:38,0
DA:42,0
DA:43,0
DA:46,0
DA:48,0
DA:50,0
DA:52,0
DA:53,0
DA:54,0
DA:60,0
DA:66,0
DA:67,0
DA:68,0
DA:69,0
DA:70,0
DA:78,0
DA:79,0
DA:80,0
DA:81,0
DA:85,0
DA:86,0
DA:87,0
DA:90,0
DA:92,0
DA:93,0
DA:96,0
DA:97,0
DA:98,0
DA:99,0
DA:118,0
DA:120,0
DA:122,0
DA:123,0
DA:125,0
DA:127,0
DA:134,0
DA:136,0
DA:146,0
DA:147,0
DA:162,0
DA:164,0
DA:166,0
DA:167,0
DA:169,0
DA:171,0
DA:180,0
DA:181,0
DA:186,0
DA:187,0
DA:188,0
LF:64
LH:1
end_of_record
SF:lib\widgets\contact_tracing\contact_tracing_info_panel.dart
DA:7,0
DA:11,0
DA:18,0
DA:19,0
DA:20,0
DA:25,0
DA:26,0
DA:27,0
DA:28,0
DA:30,0
DA:31,0
DA:32,0
DA:35,0
DA:36,0
DA:37,0
DA:51,0
DA:53,0
DA:55,0
DA:60,0
DA:62,0
DA:63,0
DA:64,0
DA:80,0
DA:91,0
DA:93,0
DA:94,0
DA:95,0
DA:97,0
DA:99,0
DA:100,0
DA:101,0
DA:102,0
DA:104,0
DA:111,0
DA:121,0
DA:123,0
DA:125,0
DA:126,0
DA:127,0
DA:128,0
DA:129,0
DA:130,0
DA:133,0
DA:135,0
DA:136,0
DA:139,0
DA:142,0
DA:143,0
DA:145,0
DA:146,0
DA:147,0
DA:148,0
DA:149,0
DA:154,0
DA:156,0
DA:157,0
DA:158,0
DA:159,0
DA:160,0
DA:165,0
DA:167,0
DA:169,0
DA:171,0
DA:181,0
DA:182,0
DA:183,0
DA:184,0
DA:185,0
DA:186,0
DA:187,0
DA:190,0
DA:201,0
DA:209,0
DA:211,0
DA:213,0
DA:214,0
DA:215,0
DA:217,0
DA:218,0
DA:219,0
DA:221,0
DA:225,0
DA:226,0
DA:227,0
DA:228,0
DA:229,0
DA:238,0
DA:246,0
DA:248,0
DA:249,0
DA:250,0
DA:251,0
DA:252,0
DA:254,0
DA:256,0
DA:257,0
DA:259,0
DA:260,0
DA:262,0
DA:264,0
DA:265,0
DA:267,0
DA:268,0
DA:274,0
DA:275,0
DA:277,0
DA:278,0
DA:285,0
DA:287,0
DA:289,0
DA:290,0
DA:292,0
DA:293,0
DA:294,0
DA:303,0
DA:304,0
DA:306,0
DA:307,0
DA:308,0
DA:311,0
DA:315,0
DA:317,0
DA:319,0
DA:320,0
DA:326,0
DA:327,0
DA:328,0
DA:329,0
DA:336,0
DA:338,0
DA:339,0
DA:340,0
LF:132
LH:0
end_of_record
SF:lib\widgets\logbook\interaction_logbook_card.dart
DA:14,0
DA:20,0
DA:21,0
DA:22,0
DA:23,0
DA:26,0
DA:27,0
DA:30,0
DA:31,0
DA:32,0
DA:33,0
DA:35,0
DA:36,0
DA:38,0
DA:41,0
DA:42,0
DA:43,0
DA:45,0
DA:48,0
DA:49,0
DA:50,0
DA:52,0
DA:53,0
DA:58,0
DA:59,0
DA:62,0
DA:63,0
DA:66,0
DA:68,0
DA:69,0
DA:72,0
DA:75,0
DA:76,0
DA:78,0
DA:79,0
DA:86,0
DA:100,0
DA:102,0
DA:103,0
DA:104,0
DA:105,0
DA:108,0
DA:110,0
DA:111,0
DA:112,0
DA:114,0
DA:115,0
DA:116,0
DA:120,0
DA:121,0
DA:122,0
DA:126,0
DA:127,0
DA:130,0
DA:132,0
DA:133,0
DA:142,0
DA:144,0
DA:145,0
DA:147,0
DA:149,0
DA:150,0
DA:154,0
DA:155,0
DA:165,0
DA:167,0
DA:168,0
DA:169,0
DA:170,0
DA:172,0
DA:176,0
DA:177,0
DA:179,0
DA:185,0
DA:186,0
DA:189,0
DA:190,0
DA:191,0
DA:213,0
DA:214,0
DA:215,0
DA:216,0
DA:221,0
DA:224,0
LF:84
LH:0
end_of_record
SF:lib\widgets\questionnaire\questionnaire_home.dart
DA:18,1
DA:28,0
DA:30,0
DA:32,0
DA:33,0
DA:35,0
DA:36,0
DA:37,0
DA:38,0
DA:40,0
DA:42,0
DA:44,0
DA:45,0
DA:47,0
DA:48,0
DA:54,0
DA:56,0
DA:57,0
DA:59,0
DA:60,0
DA:65,0
DA:67,0
DA:68,0
DA:69,0
DA:71,0
DA:74,0
DA:77,0
DA:78,0
DA:79,0
DA:83,0
DA:88,0
DA:90,0
DA:91,0
DA:92,0
DA:93,0
DA:94,0
DA:95,0
DA:99,0
DA:100,0
DA:101,0
DA:103,0
DA:107,0
DA:109,0
DA:111,0
DA:117,0
DA:119,0
DA:120,0
DA:121,0
DA:122,0
DA:123,0
DA:125,0
DA:126,0
DA:127,0
DA:128,0
DA:129,0
DA:132,0
DA:135,0
DA:137,0
DA:138,0
DA:142,0
DA:146,0
DA:147,0
DA:148,0
DA:150,0
DA:154,0
DA:156,0
DA:158,0
DA:168,0
DA:169,0
DA:170,0
DA:171,0
DA:172,0
DA:173,0
DA:175,0
DA:176,0
DA:180,0
DA:183,0
DA:198,0
DA:204,0
DA:205,0
DA:206,0
DA:207,0
DA:210,0
DA:211,0
DA:212,0
DA:213,0
DA:216,0
DA:222,0
DA:223,0
DA:224,0
DA:226,0
DA:228,0
DA:229,0
DA:233,0
DA:234,0
DA:235,0
DA:238,0
DA:239,0
DA:240,0
DA:241,0
DA:242,0
DA:243,0
DA:244,0
DA:247,0
DA:248,0
DA:249,0
DA:250,0
DA:252,0
DA:253,0
DA:257,0
DA:258,0
LF:111
LH:1
end_of_record
SF:lib\screens\login\access_denied_screen.dart
DA:8,5
DA:10,0
DA:12,0
DA:14,0
DA:15,0
DA:16,0
DA:18,0
DA:19,0
DA:22,0
DA:25,0
DA:28,0
DA:36,0
DA:38,0
DA:47,0
DA:49,0
DA:51,0
DA:57,0
DA:60,0
DA:61,0
DA:67,0
DA:69,0
DA:71,0
DA:72,0
DA:74,0
DA:81,0
DA:87,0
DA:94,0
DA:97,0
DA:98,0
DA:99,0
DA:100,0
DA:103,0
DA:105,0
DA:106,0
DA:109,0
DA:111,0
LF:36
LH:1
end_of_record
SF:lib\screens\login\login_overlay.dart
DA:7,5
DA:9,0
DA:11,0
DA:12,0
DA:13,0
DA:14,0
DA:15,0
DA:16,0
DA:17,0
DA:19,0
DA:20,0
DA:21,0
DA:22,0
DA:23,0
DA:25,0
DA:27,0
DA:29,0
DA:30,0
DA:31,0
DA:32,0
DA:33,0
DA:34,0
DA:35,0
DA:38,0
DA:40,0
DA:42,0
DA:44,0
DA:46,0
DA:50,0
DA:51,0
DA:54,0
DA:55,0
DA:56,0
DA:57,0
DA:58,0
DA:59,0
DA:60,0
DA:62,0
DA:64,0
DA:65,0
DA:67,0
DA:69,0
DA:73,0
DA:74,0
DA:79,0
DA:80,0
LF:46
LH:1
end_of_record
SF:lib\screens\terms\terms_screen.dart
DA:12,5
DA:14,0
DA:15,0
DA:26,0
DA:28,0
DA:29,0
DA:32,0
DA:34,0
DA:35,0
DA:38,0
DA:40,0
DA:41,0
DA:42,0
DA:43,0
DA:46,0
DA:47,0
DA:48,0
DA:50,0
DA:51,0
DA:53,0
DA:57,0
DA:61,0
DA:62,0
DA:63,0
DA:66,0
DA:68,0
DA:69,0
DA:70,0
DA:74,0
DA:75,0
DA:76,0
DA:77,0
DA:78,0
DA:80,0
DA:82,0
DA:83,0
DA:84,0
DA:85,0
DA:86,0
DA:87,0
DA:88,0
DA:92,0
DA:95,0
DA:97,0
DA:100,0
DA:101,0
DA:102,0
DA:105,0
DA:106,0
DA:107,0
DA:110,0
DA:114,0
DA:116,0
DA:117,0
DA:119,0
DA:120,0
DA:122,0
DA:128,0
DA:129,0
DA:130,0
DA:131,0
DA:132,0
DA:134,0
DA:136,0
DA:138,0
DA:139,0
DA:145,0
DA:146,0
DA:147,0
DA:148,0
DA:149,0
DA:153,0
DA:154,0
DA:155,0
DA:157,0
DA:158,0
DA:159,0
DA:161,0
DA:162,0
DA:163,0
DA:166,0
DA:168,0
DA:169,0
DA:170,0
DA:171,0
DA:174,0
DA:175,0
DA:181,0
DA:182,0
DA:183,0
DA:184,0
DA:185,0
DA:186,0
DA:189,0
DA:191,0
DA:194,0
DA:195,0
DA:197,0
DA:199,0
DA:205,0
DA:206,0
DA:208,0
DA:213,0
DA:216,0
DA:220,0
LF:105
LH:1
end_of_record
SF:lib\services\push_notification_coordinator.dart
DA:16,0
DA:17,0
DA:18,0
DA:26,0
DA:27,0
DA:30,0
DA:31,0
DA:32,0
DA:35,0
DA:37,0
DA:41,0
DA:42,0
DA:43,0
DA:44,0
DA:45,0
DA:46,0
DA:47,0
DA:49,0
DA:54,0
DA:61,0
DA:62,0
DA:64,0
DA:65,0
DA:66,0
DA:68,0
DA:69,0
DA:74,0
DA:76,0
DA:78,0
DA:84,0
DA:87,0
DA:88,0
DA:93,0
DA:95,0
DA:97,0
DA:102,0
DA:107,0
DA:109,0
DA:113,0
DA:120,0
DA:121,0
DA:122,0
DA:129,0
DA:130,0
DA:131,0
DA:132,0
DA:135,0
DA:136,0
DA:137,0
DA:139,0
DA:144,0
DA:147,0
DA:153,0
DA:154,0
DA:155,0
DA:158,0
DA:159,0
DA:160,0
DA:163,0
DA:164,0
DA:165,0
DA:167,0
DA:171,0
DA:172,0
DA:175,0
DA:181,0
DA:188,0
DA:189,0
DA:190,0
DA:193,0
DA:197,0
DA:202,0
DA:203,0
DA:208,0
DA:209,0
DA:212,0
DA:217,0
DA:218,0
DA:222,0
DA:225,0
DA:226,0
DA:227,0
DA:229,0
DA:234,0
DA:235,0
DA:236,0
DA:237,0
DA:240,0
DA:246,0
DA:249,0
DA:250,0
DA:251,0
DA:252,0
LF:93
LH:0
end_of_record
SF:lib\screens\profile\bluetooth_contact_settings_screen.dart
DA:17,5
DA:19,0
DA:21,0
DA:28,0
DA:29,0
DA:31,0
DA:33,0
DA:35,0
DA:36,0
DA:39,0
DA:41,0
DA:42,0
DA:45,0
DA:46,0
DA:47,0
DA:49,0
DA:50,0
DA:51,0
DA:53,0
DA:54,0
DA:57,0
DA:58,0
DA:61,0
DA:62,0
DA:63,0
DA:64,0
DA:65,0
DA:66,0
DA:67,0
DA:68,0
DA:69,0
DA:73,0
DA:74,0
DA:75,0
DA:77,0
DA:79,0
DA:80,0
DA:81,0
DA:82,0
DA:83,0
DA:85,0
DA:88,0
DA:90,0
DA:91,0
DA:92,0
DA:95,0
DA:97,0
DA:98,0
DA:102,0
DA:103,0
DA:104,0
DA:105,0
DA:106,0
DA:112,0
DA:113,0
DA:115,0
DA:117,0
DA:120,0
DA:127,0
DA:136,0
DA:138,0
DA:139,0
DA:144,0
DA:146,0
DA:148,0
DA:152,0
DA:153,0
DA:155,0
DA:161,0
DA:163,0
DA:164,0
DA:165,0
DA:166,0
DA:168,0
DA:170,0
DA:178,0
DA:180,0
DA:181,0
DA:182,0
DA:184,0
DA:186,0
DA:187,0
DA:189,0
DA:192,0
DA:196,0
DA:197,0
DA:203,0
DA:205,0
DA:207,0
DA:209,0
DA:214,0
DA:216,0
DA:217,0
DA:221,0
DA:222,0
DA:223,0
DA:229,0
DA:231,0
DA:232,0
DA:234,0
DA:235,0
DA:236,0
DA:240,0
DA:241,0
DA:251,0
DA:252,0
DA:254,0
DA:256,0
DA:257,0
DA:258,0
DA:260,0
DA:264,0
DA:266,0
DA:268,0
DA:269,0
DA:270,0
DA:274,0
DA:276,0
DA:280,0
DA:282,0
DA:284,0
DA:285,0
DA:286,0
DA:290,0
DA:291,0
DA:295,0
DA:297,0
DA:299,0
DA:300,0
DA:301,0
DA:305,0
DA:311,0
DA:314,0
DA:315,0
DA:318,0
DA:324,0
DA:327,0
DA:328,0
DA:335,0
DA:337,0
DA:339,0
DA:340,0
DA:342,0
DA:344,0
DA:345,0
DA:346,0
DA:347,0
DA:349,0
DA:350,0
DA:351,0
DA:352,0
LF:151
LH:1
end_of_record
SF:lib\services\contact_tracing_ble.dart
DA:7,0
DA:13,3
DA:15,0
DA:16,0
DA:17,0
DA:18,0
DA:19,0
DA:20,0
DA:21,0
DA:23,0
DA:24,0
DA:28,0
DA:29,0
DA:30,0
DA:31,0
DA:32,0
DA:40,1
DA:41,4
DA:42,1
DA:45,3
DA:48,1
DA:54,1
DA:55,1
DA:56,2
DA:57,2
DA:58,1
DA:59,1
DA:60,1
DA:62,1
DA:63,1
DA:64,3
DA:65,2
DA:66,1
DA:67,1
DA:71,4
DA:73,0
DA:74,0
DA:80,1
DA:81,1
DA:83,1
DA:87,1
DA:88,0
DA:94,1
DA:95,2
DA:97,1
DA:98,3
DA:99,3
DA:100,2
DA:101,2
DA:102,5
DA:105,2
DA:106,2
DA:107,1
DA:108,1
DA:113,1
DA:115,5
DA:116,1
DA:117,1
DA:120,0
DA:121,0
DA:122,0
DA:123,0
DA:127,0
LF:63
LH:40
end_of_record
SF:lib\services\contact_tracing_coordinator.dart
DA:17,0
DA:37,0
DA:38,0
DA:39,0
DA:40,0
DA:41,0
DA:42,0
DA:43,0
DA:44,0
DA:45,0
DA:47,0
DA:48,0
DA:49,0
DA:53,0
DA:54,0
DA:55,0
DA:56,0
DA:57,0
DA:58,0
DA:59,0
DA:60,0
DA:61,0
DA:64,0
DA:65,0
DA:66,0
DA:67,0
DA:68,0
DA:71,0
DA:72,0
DA:73,0
DA:74,0
DA:79,0
DA:80,0
DA:83,0
DA:85,0
DA:88,0
DA:89,0
DA:92,0
DA:95,0
DA:96,0
DA:97,0
DA:99,0
DA:102,0
DA:107,0
DA:108,0
DA:109,0
DA:111,0
DA:114,0
DA:118,0
DA:121,0
DA:122,0
DA:128,0
DA:131,0
DA:132,0
DA:136,0
DA:137,0
DA:141,0
DA:142,0
DA:146,0
DA:147,0
DA:148,0
DA:152,0
DA:153,0
DA:157,0
DA:160,0
DA:161,0
DA:165,0
DA:168,0
DA:169,0
DA:172,0
DA:173,0
DA:174,0
DA:177,0
DA:178,0
DA:179,0
DA:182,0
DA:183,0
DA:184,0
DA:189,0
DA:190,0
DA:192,0
DA:193,0
DA:194,0
DA:195,0
DA:196,0
DA:197,0
DA:198,0
DA:199,0
DA:202,0
DA:206,0
DA:210,0
DA:211,0
DA:212,0
DA:213,0
DA:214,0
DA:215,0
DA:216,0
DA:217,0
DA:218,0
DA:219,0
DA:221,0
DA:222,0
DA:224,0
DA:227,0
DA:228,0
DA:229,0
DA:230,0
DA:231,0
DA:232,0
DA:233,0
DA:234,0
DA:236,0
DA:239,0
DA:240,0
DA:241,0
DA:243,0
DA:245,0
DA:246,0
DA:247,0
DA:248,0
DA:249,0
DA:250,0
DA:253,0
DA:258,0
DA:259,0
DA:260,0
DA:261,0
DA:262,0
DA:263,0
DA:264,0
DA:265,0
DA:266,0
DA:268,0
DA:269,0
DA:272,0
DA:273,0
DA:274,0
DA:275,0
DA:276,0
DA:282,0
DA:283,0
DA:284,0
DA:285,0
DA:288,0
DA:290,0
DA:291,0
DA:292,0
DA:294,0
DA:295,0
DA:296,0
DA:297,0
DA:298,0
DA:300,0
DA:301,0
DA:302,0
DA:303,0
DA:304,0
DA:305,0
DA:309,0
DA:310,0
DA:311,0
DA:312,0
DA:316,0
DA:320,0
DA:323,0
DA:324,0
DA:325,0
DA:326,0
DA:328,0
DA:329,0
DA:331,0
DA:332,0
DA:333,0
DA:334,0
DA:338,0
DA:339,0
DA:341,0
DA:342,0
DA:343,0
DA:344,0
DA:349,0
DA:350,0
DA:351,0
DA:353,0
DA:356,0
DA:357,0
DA:358,0
DA:363,0
DA:364,0
DA:365,0
DA:366,0
DA:369,0
DA:370,0
DA:371,0
DA:372,0
DA:375,0
DA:376,0
DA:380,0
DA:381,0
DA:382,0
DA:383,0
DA:385,0
DA:387,0
DA:396,0
DA:398,0
DA:399,0
DA:400,0
LF:207
LH:0
end_of_record
SF:lib\services\contact_tracing_monitor.dart
DA:13,0
DA:38,0
DA:39,0
DA:40,0
DA:41,0
DA:42,0
DA:43,0
DA:44,0
DA:45,0
DA:46,0
DA:47,0
DA:48,0
DA:49,0
DA:51,0
DA:52,0
DA:54,0
DA:55,0
DA:56,0
DA:60,0
DA:61,0
DA:62,0
DA:65,0
DA:69,0
DA:70,0
DA:71,0
DA:72,0
DA:74,0
DA:77,0
DA:78,0
DA:79,0
DA:80,0
DA:81,0
DA:83,0
DA:84,0
DA:88,0
DA:93,0
DA:94,0
DA:95,0
DA:96,0
DA:100,0
DA:102,0
DA:103,0
DA:104,0
DA:105,0
DA:106,0
DA:107,0
DA:108,0
DA:110,0
DA:111,0
DA:113,0
DA:114,0
DA:117,0
DA:118,0
DA:119,0
DA:121,0
DA:122,0
DA:126,0
DA:127,0
DA:128,0
DA:129,0
DA:131,0
DA:133,0
DA:135,0
DA:138,0
DA:139,0
DA:144,0
DA:145,0
DA:146,0
DA:147,0
DA:148,0
DA:149,0
DA:150,0
DA:151,0
DA:152,0
DA:153,0
DA:154,0
DA:156,0
DA:157,0
DA:158,0
DA:159,0
DA:160,0
DA:161,0
DA:162,0
DA:165,0
DA:166,0
DA:167,0
DA:169,0
DA:170,0
DA:171,0
DA:172,0
DA:173,0
DA:177,0
DA:178,0
DA:181,0
DA:182,0
DA:183,0
DA:184,0
DA:185,0
DA:190,0
DA:191,0
DA:192,0
DA:193,0
DA:196,0
DA:197,0
DA:200,0
DA:201,0
DA:202,0
DA:203,0
DA:206,0
DA:208,0
DA:212,0
DA:213,0
DA:214,0
DA:216,0
DA:218,0
DA:221,0
DA:222,0
DA:223,0
DA:226,0
DA:228,0
DA:229,0
LF:121
LH:0
end_of_record
SF:lib\services\contact_tracing_preferences.dart
DA:5,0
DA:28,0
DA:29,0
DA:30,0
DA:31,0
DA:32,0
DA:33,0
DA:38,0
DA:39,0
DA:44,0
DA:45,0
DA:49,0
DA:50,0
DA:54,0
DA:55,0
DA:56,0
DA:57,0
DA:59,0
DA:61,0
DA:63,0
DA:65,0
DA:66,0
DA:67,0
DA:70,0
DA:74,0
DA:90,0
DA:98,0
DA:99,0
DA:101,0
DA:103,0
DA:104,0
DA:105,0
DA:106,0
LF:33
LH:0
end_of_record
SF:lib\utils\ble_mac_format.dart
DA:2,1
DA:3,3
DA:4,2
DA:5,2
DA:7,1
DA:8,2
DA:9,3
DA:11,1
DA:14,1
DA:15,2
LF:10
LH:10
end_of_record
SF:lib\utils\snack_bar_utils.dart
DA:7,0
DA:8,0
DA:9,0
DA:13,0
DA:18,0
DA:19,0
DA:21,0
DA:24,0
DA:25,0
DA:26,0
DA:28,0
DA:29,0
DA:32,0
DA:37,0
DA:38,0
DA:39,0
DA:40,0
DA:41,0
DA:43,0
LF:19
LH:0
end_of_record
SF:lib\screens\profile\edit_profile_screen.dart
DA:11,0
DA:16,0
DA:17,0
DA:20,0
DA:21,0
DA:22,0
DA:24,0
DA:26,0
DA:45,0
DA:47,0
DA:48,0
DA:49,0
DA:53,0
DA:54,0
DA:55,0
DA:56,0
DA:58,0
DA:60,0
DA:61,0
DA:62,0
DA:64,0
DA:67,0
DA:69,0
DA:70,0
DA:71,0
DA:72,0
DA:73,0
DA:74,0
DA:77,0
DA:80,0
DA:83,0
DA:84,0
DA:86,0
DA:88,0
DA:90,0
DA:93,0
DA:96,0
DA:97,0
DA:99,0
DA:100,0
DA:104,0
DA:106,0
DA:107,0
DA:112,0
DA:113,0
DA:114,0
DA:115,0
DA:117,0
DA:118,0
DA:124,0
DA:125,0
DA:126,0
DA:130,0
DA:131,0
DA:133,0
DA:137,0
DA:138,0
DA:142,0
DA:144,0
DA:145,0
DA:146,0
DA:147,0
DA:148,0
DA:149,0
DA:150,0
DA:151,0
DA:152,0
DA:153,0
DA:154,0
DA:156,0
DA:157,0
DA:158,0
DA:161,0
DA:163,0
DA:164,0
DA:167,0
DA:168,0
DA:169,0
DA:171,0
DA:173,0
DA:174,0
DA:175,0
DA:181,0
DA:182,0
DA:183,0
DA:184,0
DA:191,0
DA:192,0
DA:193,0
DA:194,0
DA:201,0
DA:203,0
DA:204,0
DA:206,0
DA:207,0
DA:208,0
DA:209,0
DA:210,0
DA:212,0
DA:214,0
DA:216,0
DA:218,0
DA:220,0
DA:223,0
DA:228,0
DA:232,0
DA:233,0
DA:234,0
DA:235,0
DA:239,0
DA:241,0
DA:243,0
DA:245,0
DA:246,0
DA:247,0
DA:248,0
DA:251,0
DA:253,0
DA:255,0
DA:258,0
DA:261,0
DA:264,0
DA:267,0
DA:269,0
DA:275,0
DA:278,0
DA:289,0
DA:291,0
DA:292,0
DA:293,0
DA:298,0
DA:300,0
DA:306,0
DA:308,0
DA:309,0
DA:310,0
DA:315,0
DA:317,0
DA:319,0
DA:320,0
DA:322,0
DA:323,0
DA:325,0
DA:326,0
DA:327,0
DA:333,0
DA:334,0
DA:335,0
DA:343,0
DA:345,0
DA:346,0
DA:347,0
DA:352,0
DA:356,0
DA:358,0
DA:359,0
DA:360,0
DA:365,0
DA:367,0
DA:373,0
DA:375,0
DA:376,0
DA:377,0
DA:382,0
DA:385,0
DA:387,0
DA:388,0
DA:389,0
DA:394,0
DA:396,0
DA:402,0
DA:404,0
DA:405,0
DA:406,0
DA:411,0
DA:413,0
DA:420,0
DA:421,0
DA:422,0
DA:424,0
DA:426,0
DA:427,0
DA:428,0
DA:429,0
DA:434,0
DA:442,0
DA:444,0
DA:445,0
DA:462,0
DA:469,0
DA:473,0
DA:474,0
DA:475,0
DA:476,0
DA:478,0
DA:480,0
DA:481,0
DA:482,0
DA:486,0
DA:487,0
DA:488,0
DA:490,0
DA:491,0
DA:492,0
DA:494,0
DA:495,0
DA:496,0
DA:505,0
DA:506,0
DA:507,0
DA:508,0
DA:510,0
DA:512,0
DA:513,0
DA:515,0
DA:517,0
DA:518,0
DA:519,0
DA:521,0
DA:522,0
DA:523,0
DA:524,0
DA:525,0
DA:526,0
DA:529,0
DA:531,0
DA:540,0
DA:541,0
DA:543,0
DA:545,0
DA:546,0
DA:548,0
DA:549,0
DA:550,0
DA:552,0
DA:553,0
DA:554,0
DA:559,0
DA:560,0
DA:561,0
DA:564,0
DA:565,0
DA:567,0
DA:568,0
DA:569,0
DA:570,0
DA:571,0
DA:575,0
LF:248
LH:0
end_of_record
SF:lib\utils\text_display_utils.dart
DA:5,0
DA:6,0
DA:7,0
DA:8,0
DA:10,0
DA:11,0
DA:12,0
DA:15,0
DA:16,0
DA:19,0
DA:20,0
DA:21,0
DA:22,0
DA:24,0
DA:25,0
DA:26,0
DA:29,0
DA:30,0
DA:31,0
DA:33,0
LF:20
LH:0
end_of_record
SF:lib\screens\profile\profile_screen.dart
DA:28,5
DA:32,0
DA:33,0
DA:44,0
DA:46,0
DA:47,0
DA:48,0
DA:51,0
DA:52,0
DA:53,0
DA:54,0
DA:55,0
DA:59,0
DA:60,0
DA:61,0
DA:62,0
DA:63,0
DA:64,0
DA:65,0
DA:67,0
DA:68,0
DA:69,0
DA:70,0
DA:71,0
DA:76,0
DA:77,0
DA:78,0
DA:79,0
DA:82,0
DA:83,0
DA:84,0
DA:85,0
DA:86,0
DA:87,0
DA:88,0
DA:91,0
DA:92,0
DA:93,0
DA:98,0
DA:100,0
DA:101,0
DA:102,0
DA:104,0
DA:106,0
DA:108,0
DA:110,0
DA:111,0
DA:112,0
DA:113,0
DA:114,0
DA:116,0
DA:117,0
DA:118,0
DA:119,0
DA:120,0
DA:121,0
DA:125,0
DA:126,0
DA:127,0
DA:132,0
DA:133,0
DA:136,0
DA:139,0
DA:141,0
DA:144,0
DA:145,0
DA:146,0
DA:151,0
DA:153,0
DA:156,0
DA:157,0
DA:159,0
DA:160,0
DA:162,0
DA:163,0
DA:170,0
DA:171,0
DA:174,0
DA:176,0
DA:177,0
DA:180,0
DA:181,0
DA:187,0
DA:191,0
DA:192,0
DA:194,0
DA:198,0
DA:199,0
DA:200,0
DA:211,0
DA:212,0
DA:213,0
DA:215,0
DA:218,0
DA:219,0
DA:220,0
DA:226,0
DA:228,0
DA:237,0
DA:239,0
DA:241,0
DA:242,0
DA:243,0
DA:249,0
DA:251,0
DA:252,0
DA:253,0
DA:254,0
DA:256,0
DA:257,0
DA:258,0
DA:263,0
DA:265,0
DA:266,0
DA:267,0
DA:270,0
DA:273,0
DA:274,0
DA:275,0
DA:276,0
DA:277,0
DA:279,0
DA:280,0
DA:281,0
DA:287,0
DA:288,0
DA:289,0
DA:293,0
DA:294,0
DA:299,0
DA:301,0
DA:302,0
DA:306,0
DA:309,0
DA:310,0
DA:311,0
DA:313,0
DA:316,0
DA:317,0
DA:323,0
DA:324,0
DA:326,0
DA:327,0
DA:328,0
DA:330,0
DA:332,0
DA:333,0
DA:334,0
DA:335,0
DA:339,0
DA:340,0
DA:345,0
DA:349,0
DA:351,0
DA:352,0
DA:353,0
DA:356,0
DA:357,0
DA:358,0
DA:359,0
DA:361,0
DA:362,0
DA:363,0
DA:366,0
DA:369,0
DA:371,0
DA:372,0
DA:373,0
DA:374,0
DA:375,0
DA:376,0
DA:379,0
DA:381,0
DA:384,0
DA:386,0
DA:387,0
DA:398,0
DA:399,0
DA:401,0
DA:402,0
DA:404,0
DA:405,0
DA:406,0
DA:407,0
DA:408,0
DA:415,0
DA:417,0
DA:421,0
DA:422,0
DA:427,0
DA:429,0
DA:430,0
DA:431,0
DA:434,0
DA:436,0
DA:438,0
DA:439,0
DA:441,0
DA:442,0
DA:453,0
DA:455,0
DA:458,0
DA:459,0
DA:460,0
DA:461,0
DA:465,0
DA:467,0
DA:470,0
DA:471,0
DA:472,0
DA:474,0
DA:475,0
DA:476,0
DA:480,0
DA:481,0
DA:482,0
DA:484,0
DA:487,0
DA:488,0
DA:489,0
DA:495,0
DA:497,0
DA:506,0
DA:508,0
DA:511,0
DA:512,0
DA:514,0
DA:515,0
DA:517,0
DA:521,0
DA:525,0
DA:526,0
DA:527,0
DA:532,0
DA:533,0
DA:534,0
DA:539,0
DA:540,0
DA:543,0
DA:545,0
DA:546,0
DA:568,0
DA:570,0
DA:571,0
DA:572,0
DA:573,0
DA:574,0
DA:575,0
DA:580,0
DA:581,0
DA:582,0
DA:583,0
DA:585,0
DA:593,0
DA:594,0
DA:595,0
DA:596,0
DA:603,0
DA:604,0
DA:605,0
DA:607,0
DA:609,0
DA:610,0
DA:612,0
DA:614,0
DA:616,0
DA:617,0
DA:620,0
DA:621,0
DA:631,0
DA:633,0
DA:634,0
DA:640,0
DA:643,0
DA:644,0
DA:645,0
DA:650,0
DA:651,0
DA:652,0
DA:653,0
DA:654,0
DA:656,0
DA:657,0
DA:660,0
DA:661,0
DA:665,0
DA:666,0
DA:668,0
DA:669,0
DA:677,0
DA:678,0
DA:679,0
DA:681,0
DA:682,0
DA:685,0
DA:686,0
DA:690,0
DA:691,0
DA:692,0
DA:693,0
DA:695,0
DA:697,0
DA:698,0
DA:714,0
DA:715,0
DA:716,0
DA:718,0
DA:720,0
DA:721,0
DA:723,0
DA:725,0
DA:727,0
DA:728,0
DA:731,0
DA:732,0
DA:735,0
DA:737,0
DA:742,0
DA:744,0
DA:745,0
DA:751,0
DA:754,0
DA:755,0
DA:756,0
DA:761,0
DA:762,0
DA:763,0
DA:764,0
DA:765,0
DA:767,0
DA:768,0
DA:771,0
DA:772,0
DA:776,0
DA:777,0
DA:779,0
DA:780,0
DA:781,0
DA:788,0
DA:789,0
DA:790,0
DA:792,0
DA:793,0
DA:796,0
DA:797,0
DA:801,0
DA:802,0
DA:803,0
DA:804,0
DA:811,0
DA:812,0
DA:813,0
DA:814,0
DA:816,0
DA:817,0
DA:818,0
DA:819,0
DA:825,0
DA:827,0
DA:828,0
DA:829,0
LF:361
LH:1
end_of_record
SF:lib\screens\questionnaire\questionnaire_completion_screen.dart
DA:9,5
DA:11,0
DA:13,0
DA:25,0
DA:27,0
DA:29,0
DA:35,0
DA:38,0
DA:41,0
DA:42,0
DA:43,0
DA:46,0
DA:47,0
DA:50,0
DA:52,0
DA:55,0
DA:57,0
DA:58,0
DA:61,0
DA:62,0
DA:63,0
DA:64,0
DA:68,0
DA:70,0
DA:73,0
DA:74,0
DA:75,0
DA:78,0
DA:80,0
DA:82,0
DA:83,0
DA:85,0
DA:86,0
DA:87,0
DA:88,0
DA:89,0
DA:90,0
DA:91,0
DA:92,0
DA:101,0
DA:102,0
DA:103,0
DA:105,0
DA:108,0
DA:151,0
DA:152,0
DA:153,0
DA:154,0
DA:155,0
DA:156,0
DA:157,0
DA:158,0
DA:160,0
DA:161,0
DA:167,0
DA:170,0
DA:174,0
DA:176,0
DA:178,0
LF:59
LH:1
end_of_record
SF:lib\screens\schademelding\schademelding_details_screen.dart
DA:9,5
DA:11,0
DA:13,0
DA:33,0
DA:35,0
DA:36,0
DA:38,0
DA:40,0
DA:41,0
DA:42,0
DA:43,0
DA:47,0
DA:49,0
DA:50,0
DA:51,0
DA:54,0
DA:55,0
DA:57,0
DA:58,0
DA:59,0
DA:60,0
DA:61,0
DA:63,0
DA:67,0
DA:68,0
DA:70,0
DA:71,0
DA:72,0
DA:73,0
DA:78,0
DA:79,0
DA:81,0
DA:82,0
DA:86,0
DA:88,0
DA:90,0
DA:92,0
DA:93,0
DA:95,0
DA:97,0
DA:98,0
DA:99,0
DA:111,0
DA:112,0
DA:113,0
DA:116,0
DA:119,0
DA:120,0
DA:121,0
DA:126,0
DA:127,0
DA:129,0
DA:131,0
DA:133,0
DA:135,0
DA:136,0
DA:137,0
DA:138,0
DA:145,0
DA:150,0
DA:152,0
DA:153,0
DA:158,0
DA:159,0
DA:163,0
DA:164,0
DA:168,0
DA:169,0
DA:170,0
DA:171,0
DA:173,0
DA:175,0
DA:176,0
DA:177,0
DA:178,0
DA:184,0
DA:185,0
DA:187,0
DA:188,0
DA:190,0
DA:191,0
DA:194,0
DA:197,0
DA:198,0
DA:208,0
DA:210,0
DA:211,0
DA:212,0
DA:213,0
DA:220,0
DA:221,0
DA:222,0
DA:223,0
DA:225,0
DA:226,0
DA:227,0
DA:228,0
DA:230,0
DA:231,0
DA:234,0
DA:238,0
DA:239,0
DA:240,0
DA:248,0
DA:249,0
DA:251,0
DA:252,0
DA:253,0
DA:254,0
DA:256,0
DA:257,0
DA:260,0
DA:263,0
DA:264,0
DA:273,0
DA:275,0
DA:277,0
DA:278,0
DA:279,0
DA:280,0
DA:287,0
DA:288,0
DA:290,0
DA:294,0
DA:295,0
DA:301,0
DA:302,0
DA:308,0
DA:309,0
DA:316,0
DA:317,0
DA:319,0
DA:322,0
DA:327,0
DA:328,0
DA:330,0
DA:331,0
DA:332,0
DA:333,0
DA:339,0
DA:340,0
DA:341,0
DA:343,0
DA:347,0
DA:348,0
DA:354,0
DA:355,0
DA:361,0
DA:362,0
DA:369,0
DA:371,0
DA:373,0
DA:376,0
DA:377,0
DA:388,0
DA:390,0
DA:392,0
DA:393,0
DA:394,0
DA:395,0
DA:396,0
DA:397,0
DA:403,0
DA:404,0
DA:420,0
DA:421,0
DA:422,0
DA:423,0
DA:426,0
DA:427,0
DA:452,0
DA:457,0
DA:459,0
DA:461,0
DA:464,0
DA:467,0
DA:468,0
DA:473,0
DA:475,0
LF:179
LH:1
end_of_record
SF:lib\screens\schademelding\schademelding_summary_screen.dart
DA:13,5
DA:17,0
DA:19,0
DA:26,0
DA:27,0
DA:29,0
DA:30,0
DA:32,0
DA:36,0
DA:37,0
DA:41,0
DA:44,0
DA:45,0
DA:49,0
DA:51,0
DA:52,0
DA:55,0
DA:57,0
DA:60,0
DA:63,0
DA:65,0
DA:66,0
DA:67,0
DA:72,0
DA:75,0
DA:76,0
DA:77,0
DA:79,0
DA:83,0
DA:84,0
[...]
DA:115,0
DA:118,0
DA:120,0
DA:121,0
DA:126,0
DA:128,0
DA:140,0
DA:144,0
DA:145,0
DA:146,0
DA:154,0
DA:155,0
DA:156,0
DA:159,0
DA:160,0
DA:161,0
LF:66
LH:0
end_of_record
SF:lib\services\notification_navigation_handler.dart
DA:15,0
DA:25,0
DA:33,0
DA:38,0
DA:44,0
DA:46,0
DA:49,0
DA:53,0
DA:55,0
DA:58,0
DA:62,0
DA:63,0
DA:66,0
DA:67,0
DA:68,0
DA:70,0
DA:71,0
DA:74,0
DA:75,0
DA:77,0
DA:78,0
DA:79,0
DA:80,0
DA:81,0
DA:82,0
DA:83,0
DA:85,0
DA:87,0
DA:91,0
DA:93,0
DA:96,0
DA:100,0
DA:102,0
DA:105,0
DA:108,0
DA:110,0
DA:117,0
DA:119,0
DA:123,0
DA:131,0
DA:132,0
DA:133,0
DA:134,0
DA:139,0
DA:143,0
DA:144,0
DA:147,0
DA:148,0
DA:149,0
DA:151,0
DA:154,0
DA:158,0
DA:159,0
DA:160,0
DA:163,0
DA:164,0
DA:165,0
DA:166,0
DA:170,0
DA:172,0
DA:175,0
DA:178,0
DA:179,0
DA:180,0
DA:181,0
LF:65
LH:0
end_of_record
SF:lib\utils\schademelding_provider_sync.dart
DA:9,0
DA:23,0
DA:28,0
DA:32,0
DA:33,0
DA:38,0
DA:40,0
DA:43,0
DA:44,0
DA:45,0
DA:46,0
DA:47,0
DA:48,0
DA:51,0
DA:52,0
DA:54,0
DA:57,0
DA:58,0
DA:59,0
DA:60,0
DA:61,0
DA:62,0
DA:63,0
DA:64,0
DA:66,0
DA:67,0
DA:68,0
DA:69,0
DA:70,0
DA:72,0
DA:73,0
DA:74,0
DA:76,0
DA:79,0
DA:84,0
DA:88,0
DA:89,0
DA:92,0
DA:93,0
DA:96,0
DA:97,0
DA:103,0
DA:107,0
DA:108,0
DA:115,0
DA:116,0
DA:118,0
DA:119,0
DA:120,0
DA:121,0
DA:124,0
DA:126,0
DA:128,0
DA:130,0
DA:132,0
DA:134,0
DA:136,0
LF:57
LH:0
end_of_record
SF:lib\utils\sighting_report_payload.dart
DA:5,0
DA:7,2
DA:11,2
DA:12,2
DA:14,2
DA:15,2
DA:18,2
DA:19,2
DA:20,3
DA:22,2
DA:23,2
DA:24,1
DA:25,1
DA:27,0
DA:30,1
DA:33,2
DA:34,2
DA:35,1
DA:36,1
DA:38,0
DA:41,1
LF:21
LH:18
end_of_record
SF:lib\widgets\toasts\snack_bar_with_progress_bar.dart
DA:7,0
DA:12,0
DA:13,0
DA:21,0
DA:24,0
DA:25,0
LF:6
LH:0
end_of_record
SF:lib\utils\translation_utils.dart
DA:2,0
DA:33,0
DA:34,0
DA:35,0
DA:39,0
DA:41,0
LF:6
LH:0
end_of_record
SF:lib\widgets\animals\animal_grid.dart
DA:10,0
DA:16,0
DA:18,0
DA:20,0
DA:21,0
DA:23,0
DA:27,0
DA:29,0
DA:31,0
DA:32,0
DA:33,0
DA:34,0
DA:35,0
DA:37,0
DA:38,0
DA:39,0
DA:45,0
DA:47,0
DA:48,0
DA:49,0
DA:50,0
DA:51,0
DA:53,0
DA:54,0
DA:55,0
LF:25
LH:0
end_of_record
SF:lib\widgets\animals\animal_tile.dart
DA:9,0
DA:16,0
DA:17,0
DA:21,0
DA:23,0
DA:25,0
DA:26,0
DA:27,0
DA:29,0
DA:30,0
DA:31,0
DA:32,0
DA:33,0
DA:36,0
DA:39,0
DA:41,0
DA:43,0
DA:44,0
DA:52,0
DA:57,0
DA:58,0
DA:59,0
DA:60,0
DA:61,0
DA:63,0
DA:64,0
DA:67,0
DA:70,0
DA:72,0
DA:73,0
DA:85,0
DA:87,0
DA:92,0
DA:94,0
DA:95,0
DA:105,0
DA:106,0
DA:107,0
DA:109,0
DA:112,0
DA:128,0
DA:129,0
DA:130,0
DA:132,0
DA:133,0
DA:140,0
DA:141,0
DA:142,0
DA:143,0
DA:145,0
DA:146,0
DA:149,0
DA:152,0
DA:154,0
DA:155,0
LF:55
LH:0
end_of_record
SF:lib\widgets\location\custom_location_map_widget.dart
DA:18,0
DA:25,0
DA:27,0
DA:45,0
DA:47,0
DA:48,0
DA:49,0
DA:50,0
DA:51,0
DA:52,0
DA:53,0
DA:54,0
DA:56,0
DA:57,0
DA:58,0
DA:62,0
DA:65,0
DA:66,0
DA:67,0
DA:68,0
DA:69,0
DA:70,0
DA:71,0
DA:73,0
DA:75,0
DA:79,0
DA:80,0
DA:83,0
DA:85,0
DA:88,0
DA:89,0
DA:90,0
DA:91,0
DA:93,0
DA:99,0
DA:100,0
DA:103,0
DA:104,0
DA:105,0
DA:106,0
DA:108,0
DA:109,0
DA:111,0
DA:112,0
DA:113,0
DA:114,0
DA:116,0
DA:118,0
DA:121,0
DA:122,0
DA:123,0
DA:128,0
DA:129,0
DA:130,0
DA:131,0
DA:132,0
DA:133,0
DA:135,0
DA:139,0
DA:141,0
DA:142,0
DA:146,0
DA:147,0
DA:148,0
DA:151,0
DA:152,0
DA:153,0
DA:155,0
DA:159,0
DA:160,0
DA:162,0
DA:163,0
DA:164,0
DA:168,0
DA:169,0
DA:171,0
DA:172,0
DA:175,0
DA:177,0
DA:178,0
DA:179,0
DA:180,0
DA:186,0
DA:187,0
DA:188,0
DA:197,0
DA:198,0
DA:200,0
DA:202,0
DA:203,0
DA:204,0
DA:205,0
DA:215,0
DA:216,0
DA:219,0
DA:224,0
DA:225,0
DA:226,0
DA:229,0
DA:230,0
DA:231,0
DA:232,0
DA:233,0
DA:234,0
DA:235,0
DA:240,0
DA:241,0
DA:242,0
DA:243,0
DA:244,0
DA:249,0
DA:251,0
DA:252,0
DA:259,0
DA:260,0
DA:262,0
DA:264,0
DA:265,0
DA:266,0
DA:267,0
DA:268,0
DA:269,0
DA:274,0
DA:275,0
DA:276,0
DA:278,0
DA:289,0
DA:290,0
DA:291,0
DA:292,0
DA:293,0
DA:294,0
DA:295,0
DA:296,0
DA:297,0
DA:310,0
DA:311,0
DA:312,0
DA:313,0
DA:314,0
DA:328,0
DA:332,0
DA:334,0
DA:335,0
DA:336,0
DA:338,0
DA:339,0
DA:340,0
DA:342,0
DA:343,0
DA:344,0
DA:345,0
DA:346,0
DA:347,0
DA:349,0
DA:354,0
DA:355,0
DA:357,0
DA:358,0
DA:359,0
DA:365,0
DA:366,0
DA:368,0
DA:369,0
DA:370,0
DA:371,0
DA:372,0
DA:373,0
DA:375,0
DA:382,0
DA:383,0
DA:384,0
DA:385,0
LF:173
LH:0
end_of_record
SF:lib\widgets\location\location_data_card.dart
DA:13,0
DA:24,0
DA:25,0
DA:26,0
DA:27,0
DA:29,0
DA:30,0
DA:32,0
DA:33,0
DA:34,0
DA:37,0
DA:40,0
DA:41,0
DA:42,0
DA:43,0
DA:52,0
DA:54,0
DA:55,0
DA:68,0
DA:70,0
DA:72,0
DA:73,0
DA:76,0
DA:78,0
DA:79,0
DA:80,0
DA:82,0
DA:83,0
DA:86,0
DA:89,0
DA:90,0
DA:93,0
DA:94,0
DA:95,0
DA:96,0
DA:97,0
DA:98,0
DA:99,0
DA:100,0
DA:109,0
DA:110,0
DA:115,0
DA:122,0
DA:123,0
DA:124,0
DA:125,0
DA:127,0
DA:128,0
DA:129,0
DA:130,0
DA:131,0
DA:139,0
DA:140,0
DA:147,0
DA:149,0
DA:153,0
DA:154,0
DA:156,0
DA:168,0
DA:169,0
DA:171,0
DA:173,0
DA:174,0
DA:175,0
DA:176,0
DA:182,0
LF:66
LH:0
end_of_record
SF:lib\widgets\location\location_display.dart
DA:13,0
DA:21,0
DA:22,0
DA:23,0
DA:26,0
DA:28,0
DA:31,0
DA:32,0
DA:39,0
DA:41,0
DA:42,0
DA:48,0
DA:50,0
DA:51,0
DA:54,0
DA:56,0
DA:57,0
DA:58,0
DA:59,0
DA:60,0
DA:62,0
DA:63,0
DA:64,0
DA:65,0
DA:66,0
DA:68,0
DA:69,0
DA:70,0
DA:73,0
DA:74,0
DA:75,0
DA:76,0
DA:77,0
DA:82,0
DA:83,0
DA:84,0
DA:85,0
DA:86,0
DA:87,0
DA:92,0
DA:93,0
DA:94,0
DA:95,0
DA:96,0
DA:98,0
DA:99,0
DA:102,0
DA:103,0
DA:104,0
DA:105,0
DA:106,0
DA:108,0
LF:52
LH:0
end_of_record
SF:lib\widgets\location\location_map_preview.dart
DA:11,5
DA:13,0
DA:14,0
DA:21,0
DA:23,0
DA:24,0
DA:25,0
DA:26,0
DA:27,0
DA:28,0
DA:32,0
DA:33,0
DA:35,0
DA:36,0
DA:37,0
DA:38,0
DA:40,0
DA:44,0
DA:45,0
DA:46,0
DA:47,0
DA:48,0
DA:50,0
DA:51,0
DA:52,0
DA:69,0
DA:70,0
DA:72,0
DA:73,0
DA:75,0
DA:79,0
DA:80,0
DA:81,0
DA:82,0
DA:83,0
DA:85,0
DA:86,0
DA:87,0
DA:97,0
DA:98,0
DA:99,0
DA:100,0
DA:102,0
DA:103,0
DA:104,0
DA:107,0
LF:46
LH:1
end_of_record
SF:lib\widgets\location\time_selection_row.dart
DA:15,0
DA:25,0
DA:26,0
DA:37,0
DA:38,0
DA:39,0
DA:42,0
DA:44,0
DA:45,0
DA:46,0
DA:47,0
DA:48,0
DA:51,0
DA:53,0
DA:54,0
DA:55,0
DA:58,0
DA:60,0
DA:63,0
DA:64,0
DA:65,0
DA:66,0
DA:67,0
DA:68,0
DA:69,0
DA:72,0
DA:75,0
DA:77,0
DA:78,0
DA:79,0
DA:81,0
DA:86,0
DA:87,0
DA:88,0
DA:89,0
DA:94,0
DA:96,0
DA:102,0
DA:103,0
DA:104,0
DA:105,0
DA:107,0
DA:108,0
DA:110,0
DA:111,0
DA:112,0
DA:114,0
DA:119,0
DA:120,0
DA:122,0
DA:124,0
DA:129,0
DA:130,0
DA:132,0
DA:134,0
DA:136,0
DA:137,0
DA:141,0
DA:142,0
DA:144,0
DA:145,0
DA:146,0
DA:147,0
DA:148,0
DA:153,0
DA:154,0
DA:155,0
DA:156,0
DA:157,0
DA:158,0
DA:160,0
DA:161,0
DA:162,0
DA:164,0
DA:168,0
DA:169,0
DA:171,0
DA:172,0
DA:173,0
DA:174,0
DA:182,0
DA:183,0
DA:184,0
DA:185,0
DA:187,0
DA:188,0
DA:190,0
DA:191,0
DA:192,0
DA:193,0
DA:194,0
DA:195,0
DA:197,0
DA:198,0
DA:200,0
DA:201,0
DA:203,0
DA:204,0
DA:206,0
DA:207,0
DA:216,0
DA:217,0
DA:221,0
DA:222,0
DA:224,0
DA:225,0
DA:227,0
DA:228,0
DA:230,0
DA:231,0
DA:232,0
DA:233,0
DA:234,0
DA:236,0
DA:239,0
DA:240,0
DA:243,0
DA:245,0
DA:248,0
DA:249,0
DA:255,0
DA:256,0
DA:258,0
DA:261,0
DA:277,0
DA:278,0
DA:280,0
DA:282,0
DA:283,0
DA:284,0
DA:289,0
DA:293,0
DA:302,0
DA:303,0
DA:305,0
DA:307,0
DA:308,0
DA:309,0
DA:310,0
DA:311,0
DA:314,0
DA:315,0
DA:316,0
DA:323,0
DA:324,0
DA:325,0
DA:326,0
DA:328,0
DA:331,0
DA:332,0
DA:334,0
DA:335,0
DA:337,0
DA:343,0
DA:345,0
DA:346,0
DA:348,0
DA:357,0
DA:359,0
DA:361,0
LF:160
LH:0
end_of_record
SF:lib\widgets\location\time_picker_dialog.dart
DA:7,0
DA:12,0
DA:15,0
DA:18,0
DA:19,0
DA:24,0
DA:26,0
DA:29,0
DA:32,0
DA:34,0
DA:43,0
DA:49,0
DA:50,0
DA:60,0
DA:62,0
DA:63,0
DA:65,0
DA:66,0
DA:68,0
DA:71,0
DA:73,0
DA:74,0
DA:75,0
DA:82,0
DA:83,0
DA:84,0
DA:85,0
DA:86,0
DA:89,0
DA:90,0
DA:91,0
DA:94,0
DA:96,0
DA:98,0
DA:99,0
DA:103,0
DA:104,0
DA:105,0
DA:107,0
DA:108,0
DA:109,0
DA:114,0
DA:115,0
DA:116,0
DA:121,0
DA:122,0
DA:123,0
DA:129,0
DA:130,0
DA:131,0
DA:136,0
DA:138,0
DA:139,0
DA:142,0
DA:144,0
DA:145,0
DA:146,0
DA:147,0
DA:149,0
DA:150,0
DA:151,0
DA:152,0
DA:154,0
DA:155,0
DA:157,0
DA:158,0
DA:163,0
DA:164,0
DA:165,0
DA:166,0
DA:173,0
DA:174,0
DA:175,0
DA:176,0
DA:177,0
DA:178,0
DA:180,0
DA:181,0
DA:182,0
DA:186,0
DA:187,0
DA:188,0
DA:190,0
DA:191,0
DA:196,0
DA:197,0
DA:198,0
DA:199,0
DA:200,0
DA:201,0
DA:203,0
DA:205,0
DA:206,0
DA:208,0
DA:209,0
DA:212,0
DA:213,0
DA:218,0
DA:222,0
DA:223,0
DA:224,0
DA:227,0
DA:228,0
DA:235,0
DA:236,0
DA:237,0
DA:238,0
DA:239,0
DA:240,0
DA:241,0
DA:243,0
DA:244,0
DA:245,0
DA:246,0
DA:248,0
DA:249,0
DA:250,0
DA:252,0
DA:262,0
DA:263,0
DA:265,0
DA:266,0
DA:267,0
DA:268,0
DA:269,0
DA:270,0
DA:271,0
DA:274,0
DA:276,0
DA:278,0
DA:283,0
DA:285,0
DA:286,0
DA:287,0
DA:288,0
DA:291,0
DA:292,0
DA:293,0
DA:295,0
DA:296,0
DA:297,0
DA:301,0
DA:303,0
DA:304,0
LF:144
LH:0
end_of_record
SF:lib\widgets\toasts\snack_bar_text.dart
DA:8,0
DA:10,0
DA:12,0
DA:13,0
DA:14,0
DA:15,0
DA:16,0
DA:19,0
DA:20,0
DA:23,0
DA:25,0
DA:26,0
DA:28,0
DA:29,0
DA:37,0
DA:38,0
DA:39,0
LF:17
LH:0
end_of_record
SF:lib\widgets\toasts\snack_bar_with_progress_bar_content.dart
DA:8,0
DA:14,0
DA:16,0
DA:18,0
DA:19,0
DA:20,0
DA:22,0
DA:23,0
DA:25,0
DA:27,0
DA:32,0
DA:36,0
DA:37,0
DA:38,0
DA:40,0
LF:15
LH:0
end_of_record
SF:lib\managers\waarneming_flow\animal_sighting_reporting_manager.dart
DA:23,1
DA:42,2
DA:45,2
DA:46,3
DA:50,2
DA:51,2
DA:52,2
DA:53,2
DA:54,2
DA:55,2
DA:56,2
DA:58,2
DA:60,2
DA:63,2
DA:64,2
DA:65,2
DA:66,2
DA:67,2
DA:68,2
DA:69,2
DA:73,5
DA:76,1
DA:77,1
DA:81,1
DA:88,1
DA:89,1
DA:90,1
DA:91,1
DA:92,1
DA:93,1
DA:98,1
DA:99,1
DA:100,1
DA:105,1
DA:106,1
DA:107,2
DA:108,1
DA:112,1
DA:114,2
DA:115,1
DA:119,1
DA:125,2
DA:127,1
DA:128,1
DA:131,1
DA:133,1
DA:135,1
DA:142,0
DA:144,0
DA:145,0
DA:146,0
DA:149,1
DA:150,1
DA:153,2
DA:154,0
DA:158,0
DA:162,1
DA:164,1
DA:167,1
DA:169,1
DA:170,2
DA:172,3
DA:173,0
DA:175,3
DA:179,1
DA:180,0
DA:182,1
DA:187,1
DA:190,1
DA:192,1
DA:193,1
DA:194,2
DA:198,1
DA:200,1
DA:201,1
DA:202,2
DA:206,1
DA:208,1
DA:209,1
DA:216,1
DA:218,1
DA:220,1
DA:221,2
DA:223,3
DA:225,1
DA:228,2
DA:232,1
DA:234,1
DA:235,1
DA:238,1
DA:239,1
DA:241,1
DA:242,2
DA:244,1
DA:245,2
DA:247,1
DA:248,2
DA:249,1
DA:253,1
DA:258,2
DA:259,3
DA:261,1
DA:262,2
DA:263,2
DA:266,1
DA:269,1
DA:271,1
DA:272,2
DA:278,1
DA:283,1
DA:284,1
DA:288,1
DA:293,2
DA:294,1
DA:298,1
DA:299,2
DA:302,0
DA:307,1
DA:309,1
DA:311,2
DA:312,3
DA:315,1
DA:316,2
DA:318,1
DA:319,4
DA:322,2
DA:323,2
DA:324,1
DA:326,1
DA:328,0
DA:329,0
DA:332,1
DA:340,1
DA:347,1
DA:349,1
DA:350,2
DA:352,1
DA:353,1
DA:354,2
DA:355,5
DA:358,2
DA:359,1
DA:360,2
DA:364,2
DA:365,0
DA:369,1
DA:371,0
DA:377,1
DA:379,1
DA:380,2
DA:382,1
DA:383,1
DA:386,1
DA:388,1
DA:389,2
DA:391,5
DA:392,1
DA:395,1
DA:397,1
DA:404,1
DA:406,1
DA:407,1
DA:411,1
DA:414,1
DA:416,1
DA:418,1
DA:420,1
DA:423,2
DA:424,1
DA:430,0
DA:432,0
DA:433,0
DA:436,0
DA:438,0
DA:441,0
DA:444,0
DA:446,0
DA:449,0
DA:453,0
DA:455,0
DA:457,0
DA:458,0
DA:459,0
DA:460,0
DA:461,0
DA:465,0
DA:468,0
DA:469,0
DA:470,0
DA:471,0
DA:472,0
DA:473,0
DA:476,0
DA:480,0
DA:484,0
LF:195
LH:156
end_of_record
SF:lib\screens\shared\category_screen.dart
DA:16,1
DA:18,1
DA:19,1
DA:29,1
DA:31,1
DA:32,5
DA:33,3
DA:34,3
DA:36,2
DA:37,2
DA:38,3
DA:42,1
DA:43,1
DA:46,2
DA:49,1
DA:50,1
DA:53,2
DA:56,3
DA:59,2
DA:60,1
DA:65,1
DA:66,1
DA:68,3
DA:70,2
DA:73,2
DA:74,3
DA:75,2
DA:76,3
DA:79,1
DA:80,2
DA:81,2
DA:87,0
DA:88,0
DA:90,0
DA:92,0
DA:102,1
DA:103,3
DA:108,1
DA:110,1
DA:112,1
DA:113,1
DA:114,1
DA:115,1
DA:116,1
DA:117,1
DA:123,1
DA:124,0
DA:125,0
DA:126,0
DA:136,1
DA:137,1
DA:141,1
DA:146,1
DA:151,1
DA:156,2
DA:162,1
DA:165,1
DA:166,1
LF:58
LH:51
end_of_record
SF:lib\widgets\location\selection_button_group.dart
DA:13,1
DA:20,1
DA:22,1
DA:25,1
DA:28,1
DA:30,1
DA:31,1
DA:32,1
DA:33,1
DA:34,1
DA:36,1
DA:38,1
DA:39,1
DA:40,1
DA:41,3
DA:46,3
DA:47,2
DA:52,1
DA:61,1
DA:69,1
DA:76,1
DA:81,3
LF:22
LH:22
end_of_record
SF:lib\managers\filtering_system\filter_manager.dart
DA:10,3
DA:11,1
DA:12,1
DA:18,1
DA:19,1
DA:25,1
DA:26,1
DA:34,1
DA:36,2
DA:37,1
DA:38,1
DA:39,1
DA:42,1
DA:43,4
DA:44,1
DA:47,1
DA:51,5
DA:53,5
DA:56,1
DA:58,3
DA:62,2
DA:65,1
DA:66,1
DA:67,1
DA:71,1
DA:72,1
DA:76,1
DA:82,1
DA:83,4
DA:86,1
DA:90,1
DA:92,5
DA:95,1
DA:99,1
DA:100,5
DA:103,1
DA:108,1
DA:110,1
DA:111,2
DA:112,2
DA:113,1
DA:114,1
LF:42
LH:42
end_of_record
SF:lib\managers\api_managers\interaction_manager.dart
DA:22,2
DA:23,1
DA:29,1
DA:30,2
DA:31,4
DA:32,1
DA:36,1
DA:37,2
DA:40,1
DA:41,3
DA:43,3
DA:46,1
DA:48,0
DA:52,1
DA:53,1
DA:54,1
DA:56,1
DA:59,1
DA:61,1
DA:64,0
DA:65,0
DA:66,0
DA:69,0
DA:72,4
DA:74,2
DA:78,1
DA:79,1
DA:80,4
DA:81,1
DA:85,0
DA:86,0
DA:88,0
DA:89,0
DA:93,0
DA:95,0
DA:96,0
DA:97,0
DA:98,0
DA:100,0
DA:101,0
DA:102,0
DA:103,0
DA:104,0
DA:105,0
DA:106,0
DA:107,0
DA:110,0
DA:114,0
DA:115,0
DA:116,0
DA:117,0
DA:120,0
DA:121,0
DA:122,0
DA:124,0
DA:125,0
DA:131,2
DA:136,2
DA:137,2
DA:138,2
DA:139,4
DA:140,4
DA:144,4
DA:145,3
DA:146,3
DA:148,1
DA:155,4
DA:156,2
DA:158,4
DA:159,1
DA:164,0
DA:165,0
DA:166,0
DA:173,1
DA:174,1
DA:175,1
DA:179,0
DA:180,0
DA:183,1
DA:186,1
DA:187,2
DA:188,1
DA:191,1
DA:192,2
DA:193,1
DA:194,2
DA:197,5
DA:199,2
DA:200,2
DA:203,1
LF:90
LH:53
end_of_record
SF:lib\managers\filtering_system\dropdown_manager.dart
DA:18,1
DA:20,1
DA:27,1
DA:29,1
DA:30,1
DA:31,1
DA:33,2
DA:36,1
DA:45,0
DA:47,1
DA:49,1
DA:60,1
DA:66,1
DA:68,1
DA:69,4
DA:70,3
DA:71,1
DA:73,1
DA:75,1
DA:77,1
DA:78,1
DA:79,1
DA:80,1
DA:87,1
DA:88,1
DA:89,1
DA:91,1
DA:96,1
DA:97,1
DA:106,0
DA:108,0
DA:112,0
DA:113,0
DA:125,3
DA:126,0
DA:128,0
DA:130,0
DA:132,0
DA:145,1
DA:147,1
DA:149,0
DA:150,0
DA:151,0
DA:155,1
DA:158,2
DA:159,1
DA:160,1
DA:161,1
DA:162,1
DA:164,1
DA:165,1
DA:170,0
DA:171,0
DA:172,0
DA:182,1
DA:183,2
DA:184,1
DA:185,1
DA:188,1
DA:189,3
DA:190,0
DA:193,1
DA:196,1
DA:203,1
DA:205,1
DA:206,1
DA:207,1
DA:209,1
DA:210,1
DA:212,1
DA:214,1
DA:215,0
DA:216,1
DA:217,1
DA:218,1
DA:221,1
DA:223,1
DA:224,1
DA:225,1
DA:226,2
DA:227,1
DA:237,1
DA:250,1
DA:252,1
DA:263,1
DA:270,4
DA:271,2
DA:272,1
DA:274,1
DA:275,1
DA:277,1
DA:278,1
DA:280,1
DA:282,1
DA:283,0
DA:284,0
DA:285,0
DA:287,1
DA:288,1
DA:289,1
DA:293,1
DA:294,1
DA:308,1
DA:311,1
DA:321,1
DA:322,1
DA:329,1
DA:330,1
DA:338,1
LF:109
LH:89
end_of_record
SF:lib\managers\other\questionnaire_manager.dart
DA:11,1
DA:13,1
DA:17,1
DA:22,1
DA:30,1
DA:31,1
DA:32,1
DA:34,2
DA:35,1
DA:36,2
DA:42,2
DA:45,2
DA:46,2
DA:47,2
DA:48,4
DA:49,4
DA:50,5
DA:51,5
DA:52,2
DA:54,1
DA:55,3
DA:56,2
DA:57,5
DA:58,4
DA:59,4
DA:60,4
DA:61,2
DA:62,2
DA:64,5
DA:65,3
DA:66,5
DA:67,3
DA:68,4
DA:69,4
DA:72,2
DA:74,4
DA:75,3
DA:76,3
DA:78,2
DA:88,3
DA:90,1
DA:92,2
DA:93,1
DA:97,1
DA:98,2
DA:105,2
DA:107,1
DA:108,1
DA:118,2
DA:120,1
DA:121,1
DA:131,2
LF:52
LH:52
end_of_record
SF:lib\widgets\questionnaire\questionnaire_multiple_choice.dart
DA:22,1
DA:32,0
DA:34,0
DA:46,0
DA:48,0
DA:50,0
DA:51,0
DA:52,0
DA:53,0
DA:54,0
DA:55,0
DA:56,0
DA:59,0
DA:60,0
DA:62,0
DA:63,0
DA:64,0
DA:69,0
DA:70,0
DA:71,0
DA:72,0
DA:73,0
DA:74,0
DA:76,0
DA:77,0
DA:78,0
DA:79,0
DA:84,0
DA:85,0
DA:87,0
DA:88,0
DA:89,0
DA:91,0
DA:100,0
DA:101,0
DA:103,0
DA:105,0
DA:106,0
DA:107,0
DA:110,0
DA:112,0
DA:113,0
DA:114,0
DA:115,0
DA:116,0
DA:117,0
DA:118,0
DA:122,0
DA:125,0
DA:126,0
DA:127,0
DA:128,0
DA:130,0
DA:131,0
DA:132,0
DA:133,0
DA:134,0
DA:135,0
DA:136,0
DA:140,0
DA:142,0
DA:143,0
DA:144,0
DA:145,0
DA:151,0
DA:153,0
DA:154,0
DA:157,0
DA:158,0
DA:162,0
DA:164,0
DA:165,0
DA:167,0
DA:170,0
DA:172,0
DA:173,0
DA:174,0
DA:175,0
DA:177,0
DA:178,0
DA:179,0
DA:180,0
DA:181,0
DA:183,0
DA:184,0
DA:185,0
DA:186,0
DA:193,0
DA:194,0
DA:195,0
DA:196,0
DA:197,0
DA:199,0
DA:200,0
DA:201,0
DA:202,0
DA:209,0
DA:210,0
DA:211,0
DA:212,0
DA:213,0
DA:214,0
DA:215,0
DA:216,0
DA:222,0
DA:223,0
DA:224,0
DA:225,0
DA:226,0
DA:227,0
DA:228,0
DA:229,0
DA:231,0
DA:232,0
DA:234,0
DA:235,0
DA:237,0
DA:238,0
DA:239,0
DA:240,0
DA:245,0
DA:246,0
DA:247,0
DA:248,0
DA:254,0
DA:255,0
DA:256,0
DA:257,0
DA:258,0
DA:260,0
DA:261,0
DA:274,0
DA:275,0
DA:276,0
DA:277,0
DA:279,0
DA:283,0
DA:284,0
DA:285,0
DA:286,0
DA:288,0
DA:289,0
DA:291,0
DA:292,0
DA:293,0
DA:294,0
DA:295,0
DA:296,0
DA:297,0
DA:303,0
DA:304,0
DA:305,0
DA:306,0
DA:307,0
DA:309,0
DA:310,0
DA:326,0
DA:327,0
DA:328,0
LF:159
LH:1
end_of_record
SF:lib\widgets\questionnaire\questionnaire_open_response.dart
DA:22,1
DA:32,0
DA:34,0
DA:50,0
DA:52,0
DA:53,0
DA:54,0
DA:55,0
DA:58,0
DA:60,0
DA:62,0
DA:63,0
DA:64,0
DA:68,0
DA:69,0
DA:70,0
DA:71,0
DA:73,0
DA:74,0
DA:75,0
DA:77,0
DA:78,0
DA:81,0
DA:82,0
DA:85,0
DA:91,0
DA:92,0
DA:95,0
DA:96,0
DA:97,0
DA:99,0
DA:100,0
DA:104,0
DA:105,0
DA:106,0
DA:107,0
DA:110,0
DA:112,0
DA:113,0
DA:115,0
DA:119,0
DA:120,0
DA:121,0
DA:122,0
DA:123,0
DA:126,0
DA:129,0
DA:130,0
DA:131,0
DA:132,0
DA:136,0
DA:139,0
DA:140,0
DA:141,0
DA:145,0
DA:147,0
DA:148,0
DA:151,0
DA:152,0
DA:156,0
DA:161,0
DA:167,0
DA:168,0
DA:169,0
DA:170,0
DA:173,0
DA:179,0
DA:184,0
DA:190,0
DA:191,0
DA:196,0
DA:197,0
DA:198,0
DA:199,0
DA:200,0
DA:201,0
DA:208,0
DA:209,0
DA:217,0
DA:218,0
DA:220,0
DA:221,0
DA:223,0
DA:225,0
DA:226,0
DA:228,0
DA:229,0
DA:230,0
DA:231,0
DA:240,0
DA:241,0
DA:242,0
DA:243,0
DA:244,0
DA:245,0
DA:248,0
DA:249,0
DA:250,0
DA:251,0
DA:252,0
DA:254,0
DA:255,0
DA:256,0
DA:257,0
DA:260,0
DA:261,0
DA:262,0
DA:263,0
DA:271,0
DA:273,0
DA:274,0
DA:275,0
DA:282,0
DA:283,0
DA:299,0
DA:300,0
DA:302,0
DA:303,0
DA:305,0
DA:306,0
DA:307,0
DA:308,0
DA:309,0
DA:311,0
DA:312,0
DA:313,0
DA:314,0
DA:317,0
DA:318,0
DA:319,0
DA:320,0
DA:329,0
DA:331,0
DA:332,0
DA:333,0
DA:335,0
DA:339,0
DA:340,0
DA:341,0
DA:343,0
DA:347,0
DA:348,0
DA:354,0
DA:362,0
DA:363,0
DA:365,0
DA:367,0
DA:369,0
DA:378,0
DA:380,0
DA:381,0
DA:382,0
DA:386,0
DA:388,0
DA:389,0
DA:391,0
DA:392,0
DA:402,0
DA:404,0
DA:405,0
DA:416,0
DA:417,0
DA:419,0
DA:420,0
DA:429,0
DA:430,0
DA:432,0
DA:438,0
DA:440,0
DA:441,0
DA:443,0
LF:171
LH:1
end_of_record
SF:lib\widgets\questionnaire\shared_white_background.dart
DA:6,0
DA:8,0
DA:10,0
DA:12,0
DA:13,0
DA:15,0
DA:17,0
LF:7
LH:0
end_of_record
SF:lib\managers\state_managers\navigation_state_manager.dart
DA:14,1
DA:16,2
DA:17,5
DA:19,1
DA:20,0
DA:22,2
DA:25,0
DA:27,0
DA:28,0
DA:30,0
DA:32,0
DA:35,0
DA:36,0
DA:40,1
DA:43,1
DA:44,1
DA:46,1
DA:47,1
DA:50,1
DA:52,1
DA:53,1
DA:54,2
DA:55,1
DA:59,1
DA:61,1
DA:62,1
DA:63,3
DA:66,1
DA:68,1
DA:69,1
DA:71,3
DA:74,1
DA:76,4
LF:33
LH:25
end_of_record
SF:lib\managers\permission\permission_manager.dart
DA:9,1
DA:11,0
DA:13,0
DA:14,0
DA:18,0
DA:24,0
DA:25,0
DA:29,0
DA:30,0
DA:31,0
DA:32,0
DA:37,0
DA:38,0
DA:39,0
DA:40,0
DA:42,0
DA:45,1
DA:50,1
DA:53,2
DA:55,1
DA:57,3
DA:61,1
DA:63,3
DA:67,1
DA:68,1
DA:69,2
DA:70,1
DA:79,1
DA:80,2
DA:81,1
DA:97,1
LF:31
LH:16
end_of_record
SF:lib\managers\state_managers\screen_state_manager.dart
DA:10,1
DA:12,1
DA:14,3
DA:15,1
DA:16,3
DA:17,1
DA:21,1
DA:24,1
DA:25,1
DA:32,1
DA:34,1
DA:35,1
DA:37,2
DA:38,3
DA:40,2
DA:41,1
DA:46,1
DA:48,1
DA:49,2
DA:50,3
DA:60,1
DA:62,1
DA:63,1
LF:23
LH:23
end_of_record
SF:lib\managers\other\overzicht_manager.dart
DA:24,1
DA:25,1
DA:27,1
DA:29,1
DA:30,1
DA:33,1
DA:35,2
DA:38,1
DA:40,2
DA:43,1
DA:44,2
DA:45,1
LF:12
LH:12
end_of_record
SF:lib\widgets\overzicht\top_container.dart
DA:14,1
DA:24,1
DA:25,1
DA:32,1
DA:34,1
DA:35,1
DA:38,1
DA:39,1
DA:41,1
DA:42,0
DA:43,0
DA:44,0
DA:45,0
DA:49,0
DA:50,0
DA:51,0
DA:57,1
DA:59,1
DA:60,1
DA:61,1
DA:62,2
DA:64,1
DA:69,1
DA:70,1
DA:71,4
DA:72,1
DA:74,1
DA:75,1
DA:78,1
DA:80,2
DA:84,4
DA:85,1
DA:86,2
DA:88,1
DA:90,2
DA:94,2
DA:95,0
DA:96,2
DA:97,0
DA:98,0
DA:100,0
DA:101,0
DA:102,0
DA:111,2
DA:112,0
DA:114,0
DA:115,0
DA:117,0
DA:118,0
DA:119,0
DA:120,0
DA:121,0
DA:124,0
DA:127,0
LF:54
LH:31
end_of_record
SF:lib\widgets\animals\counter_widget.dart
DA:9,1
DA:16,1
DA:17,1
DA:26,0
DA:27,0
DA:28,0
DA:29,0
DA:31,0
DA:34,1
DA:36,1
DA:37,4
DA:40,1
DA:42,2
DA:43,1
DA:46,1
DA:47,2
DA:48,2
DA:49,4
DA:51,6
DA:54,1
DA:55,2
DA:56,2
DA:57,2
DA:58,4
DA:61,6
DA:64,0
DA:65,0
DA:66,0
DA:67,0
DA:68,0
DA:69,0
DA:71,0
DA:74,1
DA:76,1
DA:78,2
DA:79,1
DA:81,1
DA:85,1
DA:86,1
DA:87,1
DA:89,2
DA:91,1
DA:92,3
DA:94,1
DA:96,1
DA:97,1
DA:98,0
DA:99,0
DA:100,0
DA:101,0
DA:104,1
DA:106,1
DA:108,1
DA:109,1
DA:111,1
DA:112,0
DA:113,0
DA:126,0
DA:129,1
DA:130,2
DA:139,1
DA:142,1
DA:149,1
DA:150,3
DA:152,1
DA:154,1
DA:156,2
DA:163,1
DA:164,1
DA:165,1
DA:167,3
DA:168,1
DA:170,1
DA:172,1
DA:173,1
DA:174,1
DA:175,1
DA:177,1
LF:78
LH:59
end_of_record
